        -:    0:Source:C:/Users/rares/CLionProjects/OOP/Json-test/Controllers/AutoController/autocontroller.cpp
        -:    0:Graph:C:\Users\rares\CLionProjects\OOP\Json-test\cmake-build-debug-coverage\CMakeFiles\Json_test.dir\Controllers\AutoController\autocontroller.cpp.gcno
        -:    0:Data:C:\Users\rares\CLionProjects\OOP\Json-test\cmake-build-debug-coverage\CMakeFiles\Json_test.dir\Controllers\AutoController\autocontroller.cpp.gcda
        -:    0:Runs:1
        -:    1:#include "../Domain/Auto.h"
        -:    2:#include "../Repositories/AutoRepo/AutoRepo.h"
        -:    3:#include "nlohmann/json.hpp"
        -:    4:#include <string>
        -:    5:#include "autocontroller.h"
        -:    6:#include <iostream>
        -:    7:
        -:    8:using namespace std;
        -:    9:
function _ZN14AutoControllerC2ERK8AutoRepo called 1 returned 100% blocks executed 100%
        1:   10:AutoController::AutoController(const AutoRepo& cr) : cr(cr) {
        1:   10-block  0
call    0 returned 1
        1:   11:}
        -:   12:
        -:   13:
function _ZN14AutoController7add_carERK4Auto called 0 returned 0% blocks executed 0%
    #####:   14:void AutoController::add_car(const Auto& car) {
    #####:   15:    this->cr.add_car(car);
    %%%%%:   15-block  0
call    0 never executed
branch  1 never executed (fallthrough)
branch  2 never executed (throw)
    %%%%%:   15-block  1
call    3 never executed
branch  4 never executed (fallthrough)
branch  5 never executed (throw)
    %%%%%:   15-block  2
call    6 never executed
    $$$$$:   15-block  3
call    7 never executed
    #####:   16:}
        -:   17:
function _ZN14AutoController10print_carsEv called 1 returned 100% blocks executed 90%
        1:   18:void AutoController::print_cars() {
        1:   19:    json cars = this->cr.get_cars_json();
        1:   19-block  0
call    0 returned 1
branch  1 taken 1 (fallthrough)
branch  2 taken 0 (throw)
        7:   20:    for (auto obj: cars){
        1:   20-block  0
call    0 returned 1
call    1 returned 1
        6:   20-block  1
call    2 returned 6
branch  3 taken 6 (fallthrough)
branch  4 taken 0 (throw)
        6:   20-block  2
call    5 returned 6
branch  6 taken 6 (fallthrough)
branch  7 taken 0 (throw)
call    8 returned 6
branch  9 taken 6 (fallthrough)
branch 10 taken 0 (throw)
        7:   20-block  3
call   11 returned 7
branch 12 taken 7 (fallthrough)
branch 13 taken 0 (throw)
        7:   20-block  4
branch 14 taken 6
branch 15 taken 1 (fallthrough)
        6:   21:        cout << obj["kennzeichen"] << " " << " " << obj["modell"] << " " << obj["marke"] << " " << obj["erstzulassungsjahr"]
        6:   21-block  0
call    0 returned 6
branch  1 taken 6 (fallthrough)
branch  2 taken 0 (throw)
        6:   21-block  1
call    3 returned 6
branch  4 taken 6 (fallthrough)
branch  5 taken 0 (throw)
        6:   21-block  2
call    6 returned 6
branch  7 taken 6 (fallthrough)
branch  8 taken 0 (throw)
        6:   21-block  3
call    9 returned 6
branch 10 taken 6 (fallthrough)
branch 11 taken 0 (throw)
        6:   21-block  4
call   12 returned 6
branch 13 taken 6 (fallthrough)
branch 14 taken 0 (throw)
        6:   21-block  5
call   15 returned 6
branch 16 taken 6 (fallthrough)
branch 17 taken 0 (throw)
        6:   21-block  6
call   18 returned 6
branch 19 taken 6 (fallthrough)
branch 20 taken 0 (throw)
        6:   21-block  7
call   21 returned 6
branch 22 taken 6 (fallthrough)
branch 23 taken 0 (throw)
        6:   21-block  8
call   24 returned 6
branch 25 taken 6 (fallthrough)
branch 26 taken 0 (throw)
        6:   21-block  9
call   27 returned 6
branch 28 taken 6 (fallthrough)
branch 29 taken 0 (throw)
        6:   21-block 10
call   30 returned 6
branch 31 taken 6 (fallthrough)
branch 32 taken 0 (throw)
        6:   21-block 11
call   33 returned 6
branch 34 taken 6 (fallthrough)
branch 35 taken 0 (throw)
        6:   22:             << " " << obj["kilometerstand"] << " " << obj["tagespreis"] << " " << obj["kraftstoffart"] << " "
        6:   22-block  0
call    0 returned 6
branch  1 taken 6 (fallthrough)
branch  2 taken 0 (throw)
        6:   22-block  1
call    3 returned 6
branch  4 taken 6 (fallthrough)
branch  5 taken 0 (throw)
        6:   22-block  2
call    6 returned 6
branch  7 taken 6 (fallthrough)
branch  8 taken 0 (throw)
        6:   22-block  3
call    9 returned 6
branch 10 taken 6 (fallthrough)
branch 11 taken 0 (throw)
        6:   22-block  4
call   12 returned 6
branch 13 taken 6 (fallthrough)
branch 14 taken 0 (throw)
        6:   22-block  5
call   15 returned 6
branch 16 taken 6 (fallthrough)
branch 17 taken 0 (throw)
        6:   22-block  6
call   18 returned 6
branch 19 taken 6 (fallthrough)
branch 20 taken 0 (throw)
        6:   22-block  7
call   21 returned 6
branch 22 taken 6 (fallthrough)
branch 23 taken 0 (throw)
        6:   22-block  8
call   24 returned 6
branch 25 taken 6 (fallthrough)
branch 26 taken 0 (throw)
        6:   22-block  9
call   27 returned 6
branch 28 taken 6 (fallthrough)
branch 29 taken 0 (throw)
        6:   23:             << obj["getriebe"] << " " << obj["farbe"] << " " << obj["bemerkung"] << " " << obj["aktiv"]  << "\n";
        6:   23-block  0
call    0 returned 6
branch  1 taken 6 (fallthrough)
branch  2 taken 0 (throw)
        6:   23-block  1
call    3 returned 6
branch  4 taken 6 (fallthrough)
branch  5 taken 0 (throw)
        6:   23-block  2
call    6 returned 6
branch  7 taken 6 (fallthrough)
branch  8 taken 0 (throw)
        6:   23-block  3
call    9 returned 6
branch 10 taken 6 (fallthrough)
branch 11 taken 0 (throw)
        6:   23-block  4
call   12 returned 6
branch 13 taken 6 (fallthrough)
branch 14 taken 0 (throw)
        6:   23-block  5
call   15 returned 6
branch 16 taken 6 (fallthrough)
branch 17 taken 0 (throw)
        6:   23-block  6
call   18 returned 6
branch 19 taken 6 (fallthrough)
branch 20 taken 0 (throw)
        6:   23-block  7
call   21 returned 6
branch 22 taken 6 (fallthrough)
branch 23 taken 0 (throw)
        6:   23-block  8
call   24 returned 6
branch 25 taken 6 (fallthrough)
branch 26 taken 0 (throw)
        6:   23-block  9
call   27 returned 6
branch 28 taken 6 (fallthrough)
branch 29 taken 0 (throw)
        6:   23-block 10
call   30 returned 6
branch 31 taken 6 (fallthrough)
branch 32 taken 0 (throw)
        6:   23-block 11
call   33 returned 6
branch 34 taken 6 (fallthrough)
branch 35 taken 0 (throw)
        6:   24:    }
        6:   24-block  0
call    0 returned 6
    $$$$$:   24-block  1
call    1 never executed
        1:   25:}
        1:   25-block  0
call    0 returned 1
    $$$$$:   25-block  1
call    1 never executed
        -:   26:
function _ZN14AutoController4saveEv called 0 returned 0% blocks executed 0%
    #####:   27:void AutoController::save() {
    #####:   28:    this->cr.save();
    %%%%%:   28-block  0
call    0 never executed
    #####:   29:}
        -:   30:
