        -:    0:Source:C:/Program Files/JetBrains/CLion 2023.3.4/bin/mingw/lib/gcc/x86_64-w64-mingw32/13.1.0/include/c++/bits/move.h
        -:    0:Graph:C:\Users\rares\CLionProjects\OOP\Json-test\cmake-build-debug-coverage\CMakeFiles\Json_test.dir\Repositories\AutoRepo\AutoRepo.cpp.gcno
        -:    0:Data:C:\Users\rares\CLionProjects\OOP\Json-test\cmake-build-debug-coverage\CMakeFiles\Json_test.dir\Repositories\AutoRepo\AutoRepo.cpp.gcda
        -:    0:Runs:1
        -:    1:// Move, forward and identity for C++11 + swap -*- C++ -*-
        -:    2:
        -:    3:// Copyright (C) 2007-2023 Free Software Foundation, Inc.
        -:    4://
        -:    5:// This file is part of the GNU ISO C++ Library.  This library is free
        -:    6:// software; you can redistribute it and/or modify it under the
        -:    7:// terms of the GNU General Public License as published by the
        -:    8:// Free Software Foundation; either version 3, or (at your option)
        -:    9:// any later version.
        -:   10:
        -:   11:// This library is distributed in the hope that it will be useful,
        -:   12:// but WITHOUT ANY WARRANTY; without even the implied warranty of
        -:   13:// MERCHANTABILITY or FITNESS FOR A PARTICULAR PURPOSE.  See the
        -:   14:// GNU General Public License for more details.
        -:   15:
        -:   16:// Under Section 7 of GPL version 3, you are granted additional
        -:   17:// permissions described in the GCC Runtime Library Exception, version
        -:   18:// 3.1, as published by the Free Software Foundation.
        -:   19:
        -:   20:// You should have received a copy of the GNU General Public License and
        -:   21:// a copy of the GCC Runtime Library Exception along with this program;
        -:   22:// see the files COPYING3 and COPYING.RUNTIME respectively.  If not, see
        -:   23:// <http://www.gnu.org/licenses/>.
        -:   24:
        -:   25:/** @file bits/move.h
        -:   26: *  This is an internal header file, included by other library headers.
        -:   27: *  Do not attempt to use it directly. @headername{utility}
        -:   28: */
        -:   29:
        -:   30:#ifndef _MOVE_H
        -:   31:#define _MOVE_H 1
        -:   32:
        -:   33:#include <bits/c++config.h>
        -:   34:#if __cplusplus < 201103L
        -:   35:# include <bits/concept_check.h>
        -:   36:#endif
        -:   37:
        -:   38:namespace std _GLIBCXX_VISIBILITY(default)
        -:   39:{
        -:   40:_GLIBCXX_BEGIN_NAMESPACE_VERSION
        -:   41:
        -:   42:  // Used, in C++03 mode too, by allocators, etc.
        -:   43:  /**
        -:   44:   *  @brief Same as C++11 std::addressof
        -:   45:   *  @ingroup utilities
        -:   46:   */
        -:   47:  template<typename _Tp>
        -:   48:    inline _GLIBCXX_CONSTEXPR _Tp*
      54*:   49:    __addressof(_Tp& __r) _GLIBCXX_NOEXCEPT
      54*:   50:    { return __builtin_addressof(__r); }
------------------
_ZSt11__addressofISaISt23_Sp_counted_ptr_inplaceIN8nlohmann16json_abi_v3_11_36detail21output_string_adapterIcNSt7__cxx1112basic_stringIcSt11char_traitsIcESaIcEEEEESaIvELN9__gnu_cxx12_Lock_policyE2EEEEPT_RSH_:
function _ZSt11__addressofISaISt23_Sp_counted_ptr_inplaceIN8nlohmann16json_abi_v3_11_36detail21output_string_adapterIcNSt7__cxx1112basic_stringIcSt11char_traitsIcESaIcEEEEESaIvELN9__gnu_cxx12_Lock_policyE2EEEEPT_RSH_ called 46 returned 100% blocks executed 100%
       46:   49:    __addressof(_Tp& __r) _GLIBCXX_NOEXCEPT
       46:   50:    { return __builtin_addressof(__r); }
       46:   50-block  0
------------------
_ZSt11__addressofIN8nlohmann16json_abi_v3_11_310basic_jsonISt3mapSt6vectorNSt7__cxx1112basic_stringIcSt11char_traitsIcESaIcEEEbxydSaNS1_14adl_serializerES4_IhSaIhEEvEEEPT_RSF_:
function _ZSt11__addressofIN8nlohmann16json_abi_v3_11_310basic_jsonISt3mapSt6vectorNSt7__cxx1112basic_stringIcSt11char_traitsIcESaIcEEEbxydSaNS1_14adl_serializerES4_IhSaIhEEvEEEPT_RSF_ called 0 returned 0% blocks executed 0%
    #####:   49:    __addressof(_Tp& __r) _GLIBCXX_NOEXCEPT
    #####:   50:    { return __builtin_addressof(__r); }
    %%%%%:   50-block  0
------------------
_ZSt11__addressofISt6vectorIN8nlohmann16json_abi_v3_11_310basic_jsonISt3mapS0_NSt7__cxx1112basic_stringIcSt11char_traitsIcESaIcEEEbxydSaNS2_14adl_serializerES0_IhSaIhEEvEESaISE_EEEPT_RSH_:
function _ZSt11__addressofISt6vectorIN8nlohmann16json_abi_v3_11_310basic_jsonISt3mapS0_NSt7__cxx1112basic_stringIcSt11char_traitsIcESaIcEEEbxydSaNS2_14adl_serializerES0_IhSaIhEEvEESaISE_EEEPT_RSH_ called 0 returned 0% blocks executed 0%
    #####:   49:    __addressof(_Tp& __r) _GLIBCXX_NOEXCEPT
    #####:   50:    { return __builtin_addressof(__r); }
    %%%%%:   50-block  0
------------------
_ZSt11__addressofImEPT_RS0_:
function _ZSt11__addressofImEPT_RS0_ called 8 returned 100% blocks executed 100%
        8:   49:    __addressof(_Tp& __r) _GLIBCXX_NOEXCEPT
        8:   50:    { return __builtin_addressof(__r); }
        8:   50-block  0
------------------
        -:   51:
        -:   52:#if __cplusplus >= 201103L
        -:   53:
        -:   54:_GLIBCXX_END_NAMESPACE_VERSION
        -:   55:} // namespace
        -:   56:
        -:   57:#include <type_traits> // Brings in std::declval too.
        -:   58:
        -:   59:namespace std _GLIBCXX_VISIBILITY(default)
        -:   60:{
        -:   61:_GLIBCXX_BEGIN_NAMESPACE_VERSION
        -:   62:
        -:   63:  /**
        -:   64:   *  @addtogroup utilities
        -:   65:   *  @{
        -:   66:   */
        -:   67:
        -:   68:  /**
        -:   69:   *  @brief  Forward an lvalue.
        -:   70:   *  @return The parameter cast to the specified type.
        -:   71:   *
        -:   72:   *  This function is used to implement "perfect forwarding".
        -:   73:   */
        -:   74:  template<typename _Tp>
        -:   75:    _GLIBCXX_NODISCARD
        -:   76:    constexpr _Tp&&
   27216*:   77:    forward(typename std::remove_reference<_Tp>::type& __t) noexcept
   27216*:   78:    { return static_cast<_Tp&&>(__t); }
------------------
_ZSt7forwardIRSt17_Rb_tree_iteratorISt4pairIKNSt7__cxx1112basic_stringIcSt11char_traitsIcESaIcEEEN8nlohmann16json_abi_v3_11_310basic_jsonISt3mapSt6vectorS7_bxydSaNSA_14adl_serializerESD_IhSaIhEEvEEEEEOT_RNSt16remove_referenceISL_E4typeE:
function _ZSt7forwardIRSt17_Rb_tree_iteratorISt4pairIKNSt7__cxx1112basic_stringIcSt11char_traitsIcESaIcEEEN8nlohmann16json_abi_v3_11_310basic_jsonISt3mapSt6vectorS7_bxydSaNSA_14adl_serializerESD_IhSaIhEEvEEEEEOT_RNSt16remove_referenceISL_E4typeE called 199 returned 100% blocks executed 100%
      199:   77:    forward(typename std::remove_reference<_Tp>::type& __t) noexcept
      199:   78:    { return static_cast<_Tp&&>(__t); }
      199:   78-block  0
------------------
_ZSt7forwardIDnEOT_RNSt16remove_referenceIS0_E4typeE:
function _ZSt7forwardIDnEOT_RNSt16remove_referenceIS0_E4typeE called 891 returned 100% blocks executed 100%
      891:   77:    forward(typename std::remove_reference<_Tp>::type& __t) noexcept
      891:   78:    { return static_cast<_Tp&&>(__t); }
      891:   78-block  0
------------------
_ZSt7forwardIRA51_KcEOT_RNSt16remove_referenceIS3_E4typeE:
function _ZSt7forwardIRA51_KcEOT_RNSt16remove_referenceIS3_E4typeE called 0 returned 0% blocks executed 0%
    #####:   77:    forward(typename std::remove_reference<_Tp>::type& __t) noexcept
    #####:   78:    { return static_cast<_Tp&&>(__t); }
    %%%%%:   78-block  0
------------------
_ZSt7forwardIRA1_KcEOT_RNSt16remove_referenceIS3_E4typeE:
function _ZSt7forwardIRA1_KcEOT_RNSt16remove_referenceIS3_E4typeE called 0 returned 0% blocks executed 0%
    #####:   77:    forward(typename std::remove_reference<_Tp>::type& __t) noexcept
    #####:   78:    { return static_cast<_Tp&&>(__t); }
    %%%%%:   78-block  0
------------------
_ZSt7forwardIRKN8nlohmann16json_abi_v3_11_310basic_jsonISt3mapSt6vectorNSt7__cxx1112basic_stringIcSt11char_traitsIcESaIcEEEbxydSaNS1_14adl_serializerES4_IhSaIhEEvEEEOT_RNSt16remove_referenceISH_E4typeE:
function _ZSt7forwardIRKN8nlohmann16json_abi_v3_11_310basic_jsonISt3mapSt6vectorNSt7__cxx1112basic_stringIcSt11char_traitsIcESaIcEEEbxydSaNS1_14adl_serializerES4_IhSaIhEEvEEEOT_RNSt16remove_referenceISH_E4typeE called 56 returned 100% blocks executed 100%
       56:   77:    forward(typename std::remove_reference<_Tp>::type& __t) noexcept
       56:   78:    { return static_cast<_Tp&&>(__t); }
       56:   78-block  0
------------------
_ZSt7forwardIRKSt3mapINSt7__cxx1112basic_stringIcSt11char_traitsIcESaIcEEEN8nlohmann16json_abi_v3_11_310basic_jsonIS0_St6vectorS6_bxydSaNS8_14adl_serializerESA_IhSaIhEEvEESt4lessIvESaISt4pairIKS6_SE_EEEEOT_RNSt16remove_referenceISO_E4typeE:
function _ZSt7forwardIRKSt3mapINSt7__cxx1112basic_stringIcSt11char_traitsIcESaIcEEEN8nlohmann16json_abi_v3_11_310basic_jsonIS0_St6vectorS6_bxydSaNS8_14adl_serializerESA_IhSaIhEEvEESt4lessIvESaISt4pairIKS6_SE_EEEEOT_RNSt16remove_referenceISO_E4typeE called 126 returned 100% blocks executed 100%
      126:   77:    forward(typename std::remove_reference<_Tp>::type& __t) noexcept
      126:   78:    { return static_cast<_Tp&&>(__t); }
      126:   78-block  0
------------------
_ZSt7forwardIRKSt6vectorIN8nlohmann16json_abi_v3_11_310basic_jsonISt3mapS0_NSt7__cxx1112basic_stringIcSt11char_traitsIcESaIcEEEbxydSaNS2_14adl_serializerES0_IhSaIhEEvEESaISE_EEEOT_RNSt16remove_referenceISJ_E4typeE:
function _ZSt7forwardIRKSt6vectorIN8nlohmann16json_abi_v3_11_310basic_jsonISt3mapS0_NSt7__cxx1112basic_stringIcSt11char_traitsIcESaIcEEEbxydSaNS2_14adl_serializerES0_IhSaIhEEvEESaISE_EEEOT_RNSt16remove_referenceISJ_E4typeE called 21 returned 100% blocks executed 100%
       21:   77:    forward(typename std::remove_reference<_Tp>::type& __t) noexcept
       21:   78:    { return static_cast<_Tp&&>(__t); }
       21:   78-block  0
------------------
_ZSt7forwardIRKN8nlohmann16json_abi_v3_11_327byte_container_with_subtypeISt6vectorIhSaIhEEEEEOT_RNSt16remove_referenceIS9_E4typeE:
function _ZSt7forwardIRKN8nlohmann16json_abi_v3_11_327byte_container_with_subtypeISt6vectorIhSaIhEEEEEOT_RNSt16remove_referenceIS9_E4typeE called 0 returned 0% blocks executed 0%
    #####:   77:    forward(typename std::remove_reference<_Tp>::type& __t) noexcept
    #####:   78:    { return static_cast<_Tp&&>(__t); }
    %%%%%:   78-block  0
------------------
_ZSt7forwardIRDnEOT_RNSt16remove_referenceIS1_E4typeE:
function _ZSt7forwardIRDnEOT_RNSt16remove_referenceIS1_E4typeE called 199 returned 100% blocks executed 100%
      199:   77:    forward(typename std::remove_reference<_Tp>::type& __t) noexcept
      199:   78:    { return static_cast<_Tp&&>(__t); }
      199:   78-block  0
------------------
_ZSt7forwardIRA25_KcEOT_RNSt16remove_referenceIS3_E4typeE:
function _ZSt7forwardIRA25_KcEOT_RNSt16remove_referenceIS3_E4typeE called 0 returned 0% blocks executed 0%
    #####:   77:    forward(typename std::remove_reference<_Tp>::type& __t) noexcept
    #####:   78:    { return static_cast<_Tp&&>(__t); }
    %%%%%:   78-block  0
------------------
_ZSt7forwardIRA26_KcEOT_RNSt16remove_referenceIS3_E4typeE:
function _ZSt7forwardIRA26_KcEOT_RNSt16remove_referenceIS3_E4typeE called 0 returned 0% blocks executed 0%
    #####:   77:    forward(typename std::remove_reference<_Tp>::type& __t) noexcept
    #####:   78:    { return static_cast<_Tp&&>(__t); }
    %%%%%:   78-block  0
------------------
_ZSt7forwardIRA15_KcEOT_RNSt16remove_referenceIS3_E4typeE:
function _ZSt7forwardIRA15_KcEOT_RNSt16remove_referenceIS3_E4typeE called 0 returned 0% blocks executed 0%
    #####:   77:    forward(typename std::remove_reference<_Tp>::type& __t) noexcept
    #####:   78:    { return static_cast<_Tp&&>(__t); }
    %%%%%:   78-block  0
------------------
_ZSt7forwardIRA12_KcEOT_RNSt16remove_referenceIS3_E4typeE:
function _ZSt7forwardIRA12_KcEOT_RNSt16remove_referenceIS3_E4typeE called 0 returned 0% blocks executed 0%
    #####:   77:    forward(typename std::remove_reference<_Tp>::type& __t) noexcept
    #####:   78:    { return static_cast<_Tp&&>(__t); }
    %%%%%:   78-block  0
------------------
_ZSt7forwardIRA39_KcEOT_RNSt16remove_referenceIS3_E4typeE:
function _ZSt7forwardIRA39_KcEOT_RNSt16remove_referenceIS3_E4typeE called 0 returned 0% blocks executed 0%
    #####:   77:    forward(typename std::remove_reference<_Tp>::type& __t) noexcept
    #####:   78:    { return static_cast<_Tp&&>(__t); }
    %%%%%:   78-block  0
------------------
_ZSt7forwardIRKZN8nlohmann16json_abi_v3_11_310basic_jsonISt3mapSt6vectorNSt7__cxx1112basic_stringIcSt11char_traitsIcESaIcEEEbxydSaNS1_14adl_serializerES4_IhSaIhEEvE6createIS3_ISA_SE_St4lessIvESaISt4pairIKSA_SE_EEEJEEEPT_DpOT0_EUlPSM_E_EOSN_RNSt16remove_referenceISN_E4typeE:
function _ZSt7forwardIRKZN8nlohmann16json_abi_v3_11_310basic_jsonISt3mapSt6vectorNSt7__cxx1112basic_stringIcSt11char_traitsIcESaIcEEEbxydSaNS1_14adl_serializerES4_IhSaIhEEvE6createIS3_ISA_SE_St4lessIvESaISt4pairIKSA_SE_EEEJEEEPT_DpOT0_EUlPSM_E_EOSN_RNSt16remove_referenceISN_E4typeE called 51 returned 100% blocks executed 100%
       51:   77:    forward(typename std::remove_reference<_Tp>::type& __t) noexcept
       51:   78:    { return static_cast<_Tp&&>(__t); }
       51:   78-block  0
------------------
_ZSt7forwardIN8nlohmann16json_abi_v3_11_36detail13parse_event_tEEOT_RNSt16remove_referenceIS4_E4typeE:
function _ZSt7forwardIN8nlohmann16json_abi_v3_11_36detail13parse_event_tEEOT_RNSt16remove_referenceIS4_E4typeE called 0 returned 0% blocks executed 0%
    #####:   77:    forward(typename std::remove_reference<_Tp>::type& __t) noexcept
    #####:   78:    { return static_cast<_Tp&&>(__t); }
    %%%%%:   78-block  0
------------------
_ZSt7forwardIRN8nlohmann16json_abi_v3_11_310basic_jsonISt3mapSt6vectorNSt7__cxx1112basic_stringIcSt11char_traitsIcESaIcEEEbxydSaNS1_14adl_serializerES4_IhSaIhEEvEEEOT_RNSt16remove_referenceISG_E4typeE:
function _ZSt7forwardIRN8nlohmann16json_abi_v3_11_310basic_jsonISt3mapSt6vectorNSt7__cxx1112basic_stringIcSt11char_traitsIcESaIcEEEbxydSaNS1_14adl_serializerES4_IhSaIhEEvEEEOT_RNSt16remove_referenceISG_E4typeE called 0 returned 0% blocks executed 0%
    #####:   77:    forward(typename std::remove_reference<_Tp>::type& __t) noexcept
    #####:   78:    { return static_cast<_Tp&&>(__t); }
    %%%%%:   78-block  0
------------------
_ZSt7forwardIN8nlohmann16json_abi_v3_11_36detail7value_tEEOT_RNSt16remove_referenceIS4_E4typeE:
function _ZSt7forwardIN8nlohmann16json_abi_v3_11_36detail7value_tEEOT_RNSt16remove_referenceIS4_E4typeE called 34 returned 100% blocks executed 100%
       34:   77:    forward(typename std::remove_reference<_Tp>::type& __t) noexcept
       34:   78:    { return static_cast<_Tp&&>(__t); }
       34:   78-block  0
------------------
_ZSt7forwardIRPKcEOT_RNSt16remove_referenceIS3_E4typeE:
function _ZSt7forwardIRPKcEOT_RNSt16remove_referenceIS3_E4typeE called 87 returned 100% blocks executed 100%
       87:   77:    forward(typename std::remove_reference<_Tp>::type& __t) noexcept
       87:   78:    { return static_cast<_Tp&&>(__t); }
       87:   78-block  0
------------------
_ZSt7forwardIPKcEOT_RNSt16remove_referenceIS2_E4typeE:
function _ZSt7forwardIPKcEOT_RNSt16remove_referenceIS2_E4typeE called 0 returned 0% blocks executed 0%
    #####:   77:    forward(typename std::remove_reference<_Tp>::type& __t) noexcept
    #####:   78:    { return static_cast<_Tp&&>(__t); }
    %%%%%:   78-block  0
------------------
_ZSt7forwardIRA29_KcEOT_RNSt16remove_referenceIS3_E4typeE:
function _ZSt7forwardIRA29_KcEOT_RNSt16remove_referenceIS3_E4typeE called 0 returned 0% blocks executed 0%
    #####:   77:    forward(typename std::remove_reference<_Tp>::type& __t) noexcept
    #####:   78:    { return static_cast<_Tp&&>(__t); }
    %%%%%:   78-block  0
------------------
_ZSt7forwardIN8nlohmann16json_abi_v3_11_36detail17json_default_baseEEOT_RNSt16remove_referenceIS4_E4typeE:
function _ZSt7forwardIN8nlohmann16json_abi_v3_11_36detail17json_default_baseEEOT_RNSt16remove_referenceIS4_E4typeE called 0 returned 0% blocks executed 0%
    #####:   77:    forward(typename std::remove_reference<_Tp>::type& __t) noexcept
    #####:   78:    { return static_cast<_Tp&&>(__t); }
    %%%%%:   78-block  0
------------------
_ZSt7forwardIRNSt7__cxx1112basic_stringIcSt11char_traitsIcESaIcEEEEOT_RNSt16remove_referenceIS7_E4typeE:
function _ZSt7forwardIRNSt7__cxx1112basic_stringIcSt11char_traitsIcESaIcEEEEOT_RNSt16remove_referenceIS7_E4typeE called 639 returned 100% blocks executed 100%
      639:   77:    forward(typename std::remove_reference<_Tp>::type& __t) noexcept
      639:   78:    { return static_cast<_Tp&&>(__t); }
      639:   78-block  0
------------------
_ZSt7forwardIRA5_KcEOT_RNSt16remove_referenceIS3_E4typeE:
function _ZSt7forwardIRA5_KcEOT_RNSt16remove_referenceIS3_E4typeE called 48 returned 100% blocks executed 100%
       48:   77:    forward(typename std::remove_reference<_Tp>::type& __t) noexcept
       48:   78:    { return static_cast<_Tp&&>(__t); }
       48:   78-block  0
------------------
_ZSt7forwardIdEOT_RNSt16remove_referenceIS0_E4typeE:
function _ZSt7forwardIdEOT_RNSt16remove_referenceIS0_E4typeE called 24 returned 100% blocks executed 100%
       24:   77:    forward(typename std::remove_reference<_Tp>::type& __t) noexcept
       24:   78:    { return static_cast<_Tp&&>(__t); }
       24:   78-block  0
------------------
_ZSt7forwardIRA10_KcEOT_RNSt16remove_referenceIS3_E4typeE:
function _ZSt7forwardIRA10_KcEOT_RNSt16remove_referenceIS3_E4typeE called 0 returned 0% blocks executed 0%
    #####:   77:    forward(typename std::remove_reference<_Tp>::type& __t) noexcept
    #####:   78:    { return static_cast<_Tp&&>(__t); }
    %%%%%:   78-block  0
------------------
_ZSt7forwardIRA3_KcEOT_RNSt16remove_referenceIS3_E4typeE:
function _ZSt7forwardIRA3_KcEOT_RNSt16remove_referenceIS3_E4typeE called 48 returned 100% blocks executed 100%
       48:   77:    forward(typename std::remove_reference<_Tp>::type& __t) noexcept
       48:   78:    { return static_cast<_Tp&&>(__t); }
       48:   78-block  0
------------------
_ZSt7forwardINSt7__cxx1112basic_stringIcSt11char_traitsIcESaIcEEEEOT_RNSt16remove_referenceIS6_E4typeE:
function _ZSt7forwardINSt7__cxx1112basic_stringIcSt11char_traitsIcESaIcEEEEOT_RNSt16remove_referenceIS6_E4typeE called 1227 returned 100% blocks executed 100%
     1227:   77:    forward(typename std::remove_reference<_Tp>::type& __t) noexcept
     1227:   78:    { return static_cast<_Tp&&>(__t); }
     1227:   78-block  0
------------------
_ZSt7forwardIcEOT_RNSt16remove_referenceIS0_E4typeE:
function _ZSt7forwardIcEOT_RNSt16remove_referenceIS0_E4typeE called 7162 returned 100% blocks executed 100%
     7162:   77:    forward(typename std::remove_reference<_Tp>::type& __t) noexcept
     7162:   78:    { return static_cast<_Tp&&>(__t); }
     7162:   78-block  0
------------------
_ZSt7forwardIRKNSt7__cxx1112basic_stringIcSt11char_traitsIcESaIcEEEEOT_RNSt16remove_referenceIS8_E4typeE:
function _ZSt7forwardIRKNSt7__cxx1112basic_stringIcSt11char_traitsIcESaIcEEEEOT_RNSt16remove_referenceIS8_E4typeE called 7617 returned 100% blocks executed 100%
     7617:   77:    forward(typename std::remove_reference<_Tp>::type& __t) noexcept
     7617:   78:    { return static_cast<_Tp&&>(__t); }
     7617:   78-block  0
------------------
_ZSt7forwardIRA17_KcEOT_RNSt16remove_referenceIS3_E4typeE:
function _ZSt7forwardIRA17_KcEOT_RNSt16remove_referenceIS3_E4typeE called 0 returned 0% blocks executed 0%
    #####:   77:    forward(typename std::remove_reference<_Tp>::type& __t) noexcept
    #####:   78:    { return static_cast<_Tp&&>(__t); }
    %%%%%:   78-block  0
------------------
_ZSt7forwardIiEOT_RNSt16remove_referenceIS0_E4typeE:
function _ZSt7forwardIiEOT_RNSt16remove_referenceIS0_E4typeE called 51 returned 100% blocks executed 100%
       51:   77:    forward(typename std::remove_reference<_Tp>::type& __t) noexcept
       51:   78:    { return static_cast<_Tp&&>(__t); }
       51:   78-block  0
------------------
_ZSt7forwardIbEOT_RNSt16remove_referenceIS0_E4typeE:
function _ZSt7forwardIbEOT_RNSt16remove_referenceIS0_E4typeE called 199 returned 100% blocks executed 100%
      199:   77:    forward(typename std::remove_reference<_Tp>::type& __t) noexcept
      199:   78:    { return static_cast<_Tp&&>(__t); }
      199:   78-block  0
------------------
_ZSt7forwardIRPSt13_Rb_tree_nodeISt4pairIKNSt7__cxx1112basic_stringIcSt11char_traitsIcESaIcEEEN8nlohmann16json_abi_v3_11_310basic_jsonISt3mapSt6vectorS7_bxydSaNSA_14adl_serializerESD_IhSaIhEEvEEEEEOT_RNSt16remove_referenceISM_E4typeE:
function _ZSt7forwardIRPSt13_Rb_tree_nodeISt4pairIKNSt7__cxx1112basic_stringIcSt11char_traitsIcESaIcEEEN8nlohmann16json_abi_v3_11_310basic_jsonISt3mapSt6vectorS7_bxydSaNSA_14adl_serializerESD_IhSaIhEEvEEEEEOT_RNSt16remove_referenceISM_E4typeE called 17 returned 100% blocks executed 100%
       17:   77:    forward(typename std::remove_reference<_Tp>::type& __t) noexcept
       17:   78:    { return static_cast<_Tp&&>(__t); }
       17:   78-block  0
------------------
_ZSt7forwardIRKZN8nlohmann16json_abi_v3_11_310basic_jsonISt3mapSt6vectorNSt7__cxx1112basic_stringIcSt11char_traitsIcESaIcEEEbxydSaNS1_14adl_serializerES4_IhSaIhEEvE6createISA_JRKPKcEEEPT_DpOT0_EUlPSA_E_EOSK_RNSt16remove_referenceISK_E4typeE:
function _ZSt7forwardIRKZN8nlohmann16json_abi_v3_11_310basic_jsonISt3mapSt6vectorNSt7__cxx1112basic_stringIcSt11char_traitsIcESaIcEEEbxydSaNS1_14adl_serializerES4_IhSaIhEEvE6createISA_JRKPKcEEEPT_DpOT0_EUlPSA_E_EOSK_RNSt16remove_referenceISK_E4typeE called 87 returned 100% blocks executed 100%
       87:   77:    forward(typename std::remove_reference<_Tp>::type& __t) noexcept
       87:   78:    { return static_cast<_Tp&&>(__t); }
       87:   78-block  0
------------------
_ZSt7forwardIRKZN8nlohmann16json_abi_v3_11_310basic_jsonISt3mapSt6vectorNSt7__cxx1112basic_stringIcSt11char_traitsIcESaIcEEEbxydSaNS1_14adl_serializerES4_IhSaIhEEvE6createISA_JSA_EEEPT_DpOT0_EUlPSA_E_EOSG_RNSt16remove_referenceISG_E4typeE:
function _ZSt7forwardIRKZN8nlohmann16json_abi_v3_11_310basic_jsonISt3mapSt6vectorNSt7__cxx1112basic_stringIcSt11char_traitsIcESaIcEEEbxydSaNS1_14adl_serializerES4_IhSaIhEEvE6createISA_JSA_EEEPT_DpOT0_EUlPSA_E_EOSG_RNSt16remove_referenceISG_E4typeE called 168 returned 100% blocks executed 100%
      168:   77:    forward(typename std::remove_reference<_Tp>::type& __t) noexcept
      168:   78:    { return static_cast<_Tp&&>(__t); }
      168:   78-block  0
------------------
_ZSt7forwardIRKZN8nlohmann16json_abi_v3_11_310basic_jsonISt3mapSt6vectorNSt7__cxx1112basic_stringIcSt11char_traitsIcESaIcEEEbxydSaNS1_14adl_serializerES4_IhSaIhEEvE6createISA_JRA5_KcEEEPT_DpOT0_EUlPSA_E_EOSJ_RNSt16remove_referenceISJ_E4typeE:
function _ZSt7forwardIRKZN8nlohmann16json_abi_v3_11_310basic_jsonISt3mapSt6vectorNSt7__cxx1112basic_stringIcSt11char_traitsIcESaIcEEEbxydSaNS1_14adl_serializerES4_IhSaIhEEvE6createISA_JRA5_KcEEEPT_DpOT0_EUlPSA_E_EOSJ_RNSt16remove_referenceISJ_E4typeE called 24 returned 100% blocks executed 100%
       24:   77:    forward(typename std::remove_reference<_Tp>::type& __t) noexcept
       24:   78:    { return static_cast<_Tp&&>(__t); }
       24:   78-block  0
------------------
_ZSt7forwardIRKZN8nlohmann16json_abi_v3_11_310basic_jsonISt3mapSt6vectorNSt7__cxx1112basic_stringIcSt11char_traitsIcESaIcEEEbxydSaNS1_14adl_serializerES4_IhSaIhEEvE6createISA_JRA3_KcEEEPT_DpOT0_EUlPSA_E_EOSJ_RNSt16remove_referenceISJ_E4typeE:
function _ZSt7forwardIRKZN8nlohmann16json_abi_v3_11_310basic_jsonISt3mapSt6vectorNSt7__cxx1112basic_stringIcSt11char_traitsIcESaIcEEEbxydSaNS1_14adl_serializerES4_IhSaIhEEvE6createISA_JRA3_KcEEEPT_DpOT0_EUlPSA_E_EOSJ_RNSt16remove_referenceISJ_E4typeE called 24 returned 100% blocks executed 100%
       24:   77:    forward(typename std::remove_reference<_Tp>::type& __t) noexcept
       24:   78:    { return static_cast<_Tp&&>(__t); }
       24:   78-block  0
------------------
_ZSt7forwardIRKPKcEOT_RNSt16remove_referenceIS4_E4typeE:
function _ZSt7forwardIRKPKcEOT_RNSt16remove_referenceIS4_E4typeE called 87 returned 100% blocks executed 100%
       87:   77:    forward(typename std::remove_reference<_Tp>::type& __t) noexcept
       87:   78:    { return static_cast<_Tp&&>(__t); }
       87:   78-block  0
------------------
_ZSt7forwardIRPN8nlohmann16json_abi_v3_11_327byte_container_with_subtypeISt6vectorIhSaIhEEEEEOT_RNSt16remove_referenceIS9_E4typeE:
function _ZSt7forwardIRPN8nlohmann16json_abi_v3_11_327byte_container_with_subtypeISt6vectorIhSaIhEEEEEOT_RNSt16remove_referenceIS9_E4typeE called 0 returned 0% blocks executed 0%
    #####:   77:    forward(typename std::remove_reference<_Tp>::type& __t) noexcept
    #####:   78:    { return static_cast<_Tp&&>(__t); }
    %%%%%:   78-block  0
------------------
_ZSt7forwardIRPNSt7__cxx1112basic_stringIcSt11char_traitsIcESaIcEEEEOT_RNSt16remove_referenceIS8_E4typeE:
function _ZSt7forwardIRPNSt7__cxx1112basic_stringIcSt11char_traitsIcESaIcEEEEOT_RNSt16remove_referenceIS8_E4typeE called 1737 returned 100% blocks executed 100%
     1737:   77:    forward(typename std::remove_reference<_Tp>::type& __t) noexcept
     1737:   78:    { return static_cast<_Tp&&>(__t); }
     1737:   78-block  0
------------------
_ZSt7forwardIRPSt6vectorIN8nlohmann16json_abi_v3_11_310basic_jsonISt3mapS0_NSt7__cxx1112basic_stringIcSt11char_traitsIcESaIcEEEbxydSaNS2_14adl_serializerES0_IhSaIhEEvEESaISE_EEEOT_RNSt16remove_referenceISJ_E4typeE:
function _ZSt7forwardIRPSt6vectorIN8nlohmann16json_abi_v3_11_310basic_jsonISt3mapS0_NSt7__cxx1112basic_stringIcSt11char_traitsIcESaIcEEEbxydSaNS2_14adl_serializerES0_IhSaIhEEvEESaISE_EEEOT_RNSt16remove_referenceISJ_E4typeE called 54 returned 100% blocks executed 100%
       54:   77:    forward(typename std::remove_reference<_Tp>::type& __t) noexcept
       54:   78:    { return static_cast<_Tp&&>(__t); }
       54:   78-block  0
------------------
_ZSt7forwardISt5tupleIJEEEOT_RNSt16remove_referenceIS2_E4typeE:
function _ZSt7forwardISt5tupleIJEEEOT_RNSt16remove_referenceIS2_E4typeE called 432 returned 100% blocks executed 100%
      432:   77:    forward(typename std::remove_reference<_Tp>::type& __t) noexcept
      432:   78:    { return static_cast<_Tp&&>(__t); }
      432:   78-block  0
------------------
_ZSt7forwardISt5tupleIJRKNSt7__cxx1112basic_stringIcSt11char_traitsIcESaIcEEEEEEOT_RNSt16remove_referenceISA_E4typeE:
function _ZSt7forwardISt5tupleIJRKNSt7__cxx1112basic_stringIcSt11char_traitsIcESaIcEEEEEEOT_RNSt16remove_referenceISA_E4typeE called 432 returned 100% blocks executed 100%
      432:   77:    forward(typename std::remove_reference<_Tp>::type& __t) noexcept
      432:   78:    { return static_cast<_Tp&&>(__t); }
      432:   78-block  0
------------------
_ZSt7forwardIRKSt21piecewise_construct_tEOT_RNSt16remove_referenceIS3_E4typeE:
function _ZSt7forwardIRKSt21piecewise_construct_tEOT_RNSt16remove_referenceIS3_E4typeE called 432 returned 100% blocks executed 100%
      432:   77:    forward(typename std::remove_reference<_Tp>::type& __t) noexcept
      432:   78:    { return static_cast<_Tp&&>(__t); }
      432:   78-block  0
------------------
_ZSt7forwardIRKPN8nlohmann16json_abi_v3_11_310basic_jsonISt3mapSt6vectorNSt7__cxx1112basic_stringIcSt11char_traitsIcESaIcEEEbxydSaNS1_14adl_serializerES4_IhSaIhEEvEEEOT_RNSt16remove_referenceISI_E4typeE:
function _ZSt7forwardIRKPN8nlohmann16json_abi_v3_11_310basic_jsonISt3mapSt6vectorNSt7__cxx1112basic_stringIcSt11char_traitsIcESaIcEEEbxydSaNS1_14adl_serializerES4_IhSaIhEEvEEEOT_RNSt16remove_referenceISI_E4typeE called 0 returned 0% blocks executed 0%
    #####:   77:    forward(typename std::remove_reference<_Tp>::type& __t) noexcept
    #####:   78:    { return static_cast<_Tp&&>(__t); }
    %%%%%:   78-block  0
------------------
_ZSt7forwardIRPN8nlohmann16json_abi_v3_11_310basic_jsonISt3mapSt6vectorNSt7__cxx1112basic_stringIcSt11char_traitsIcESaIcEEEbxydSaNS1_14adl_serializerES4_IhSaIhEEvEEEOT_RNSt16remove_referenceISH_E4typeE:
function _ZSt7forwardIRPN8nlohmann16json_abi_v3_11_310basic_jsonISt3mapSt6vectorNSt7__cxx1112basic_stringIcSt11char_traitsIcESaIcEEEbxydSaNS1_14adl_serializerES4_IhSaIhEEvEEEOT_RNSt16remove_referenceISH_E4typeE called 0 returned 0% blocks executed 0%
    #####:   77:    forward(typename std::remove_reference<_Tp>::type& __t) noexcept
    #####:   78:    { return static_cast<_Tp&&>(__t); }
    %%%%%:   78-block  0
------------------
_ZSt7forwardIPN8nlohmann16json_abi_v3_11_310basic_jsonISt3mapSt6vectorNSt7__cxx1112basic_stringIcSt11char_traitsIcESaIcEEEbxydSaNS1_14adl_serializerES4_IhSaIhEEvEEEOT_RNSt16remove_referenceISG_E4typeE:
function _ZSt7forwardIPN8nlohmann16json_abi_v3_11_310basic_jsonISt3mapSt6vectorNSt7__cxx1112basic_stringIcSt11char_traitsIcESaIcEEEbxydSaNS1_14adl_serializerES4_IhSaIhEEvEEEOT_RNSt16remove_referenceISG_E4typeE called 43 returned 100% blocks executed 100%
       43:   77:    forward(typename std::remove_reference<_Tp>::type& __t) noexcept
       43:   78:    { return static_cast<_Tp&&>(__t); }
       43:   78-block  0
------------------
_ZSt7forwardIRPSt18_Rb_tree_node_baseEOT_RNSt16remove_referenceIS3_E4typeE:
function _ZSt7forwardIRPSt18_Rb_tree_node_baseEOT_RNSt16remove_referenceIS3_E4typeE called 113 returned 100% blocks executed 100%
      113:   77:    forward(typename std::remove_reference<_Tp>::type& __t) noexcept
      113:   78:    { return static_cast<_Tp&&>(__t); }
      113:   78-block  0
------------------
_ZSt7forwardIRKSt4pairIKNSt7__cxx1112basic_stringIcSt11char_traitsIcESaIcEEEN8nlohmann16json_abi_v3_11_310basic_jsonISt3mapSt6vectorS6_bxydSaNS9_14adl_serializerESC_IhSaIhEEvEEEEOT_RNSt16remove_referenceISK_E4typeE:
function _ZSt7forwardIRKSt4pairIKNSt7__cxx1112basic_stringIcSt11char_traitsIcESaIcEEEN8nlohmann16json_abi_v3_11_310basic_jsonISt3mapSt6vectorS6_bxydSaNS9_14adl_serializerESC_IhSaIhEEvEEEEOT_RNSt16remove_referenceISK_E4typeE called 3024 returned 100% blocks executed 100%
     3024:   77:    forward(typename std::remove_reference<_Tp>::type& __t) noexcept
     3024:   78:    { return static_cast<_Tp&&>(__t); }
     3024:   78-block  0
------------------
_ZSt7forwardIRPSt3mapINSt7__cxx1112basic_stringIcSt11char_traitsIcESaIcEEEN8nlohmann16json_abi_v3_11_310basic_jsonIS0_St6vectorS6_bxydSaNS8_14adl_serializerESA_IhSaIhEEvEESt4lessIvESaISt4pairIKS6_SE_EEEEOT_RNSt16remove_referenceISO_E4typeE:
function _ZSt7forwardIRPSt3mapINSt7__cxx1112basic_stringIcSt11char_traitsIcESaIcEEEN8nlohmann16json_abi_v3_11_310basic_jsonIS0_St6vectorS6_bxydSaNS8_14adl_serializerESA_IhSaIhEEvEESt4lessIvESaISt4pairIKS6_SE_EEEEOT_RNSt16remove_referenceISO_E4typeE called 177 returned 100% blocks executed 100%
      177:   77:    forward(typename std::remove_reference<_Tp>::type& __t) noexcept
      177:   78:    { return static_cast<_Tp&&>(__t); }
      177:   78-block  0
------------------
_ZSt7forwardIRKZN8nlohmann16json_abi_v3_11_310basic_jsonISt3mapSt6vectorNSt7__cxx1112basic_stringIcSt11char_traitsIcESaIcEEEbxydSaNS1_14adl_serializerES4_IhSaIhEEvE6createINS1_27byte_container_with_subtypeISD_EEJRKSH_EEEPT_DpOT0_EUlPSH_E_EOSK_RNSt16remove_referenceISK_E4typeE:
function _ZSt7forwardIRKZN8nlohmann16json_abi_v3_11_310basic_jsonISt3mapSt6vectorNSt7__cxx1112basic_stringIcSt11char_traitsIcESaIcEEEbxydSaNS1_14adl_serializerES4_IhSaIhEEvE6createINS1_27byte_container_with_subtypeISD_EEJRKSH_EEEPT_DpOT0_EUlPSH_E_EOSK_RNSt16remove_referenceISK_E4typeE called 0 returned 0% blocks executed 0%
    #####:   77:    forward(typename std::remove_reference<_Tp>::type& __t) noexcept
    #####:   78:    { return static_cast<_Tp&&>(__t); }
    %%%%%:   78-block  0
------------------
_ZSt7forwardIRKZN8nlohmann16json_abi_v3_11_310basic_jsonISt3mapSt6vectorNSt7__cxx1112basic_stringIcSt11char_traitsIcESaIcEEEbxydSaNS1_14adl_serializerES4_IhSaIhEEvE6createISA_JRKSA_EEEPT_DpOT0_EUlPSA_E_EOSI_RNSt16remove_referenceISI_E4typeE:
function _ZSt7forwardIRKZN8nlohmann16json_abi_v3_11_310basic_jsonISt3mapSt6vectorNSt7__cxx1112basic_stringIcSt11char_traitsIcESaIcEEEbxydSaNS1_14adl_serializerES4_IhSaIhEEvE6createISA_JRKSA_EEEPT_DpOT0_EUlPSA_E_EOSI_RNSt16remove_referenceISI_E4typeE called 1434 returned 100% blocks executed 100%
     1434:   77:    forward(typename std::remove_reference<_Tp>::type& __t) noexcept
     1434:   78:    { return static_cast<_Tp&&>(__t); }
     1434:   78-block  0
------------------
_ZSt7forwardIRKZN8nlohmann16json_abi_v3_11_310basic_jsonISt3mapSt6vectorNSt7__cxx1112basic_stringIcSt11char_traitsIcESaIcEEEbxydSaNS1_14adl_serializerES4_IhSaIhEEvE6createIS4_ISE_SaISE_EEJRKSH_EEEPT_DpOT0_EUlPSH_E_EOSK_RNSt16remove_referenceISK_E4typeE:
function _ZSt7forwardIRKZN8nlohmann16json_abi_v3_11_310basic_jsonISt3mapSt6vectorNSt7__cxx1112basic_stringIcSt11char_traitsIcESaIcEEEbxydSaNS1_14adl_serializerES4_IhSaIhEEvE6createIS4_ISE_SaISE_EEJRKSH_EEEPT_DpOT0_EUlPSH_E_EOSK_RNSt16remove_referenceISK_E4typeE called 21 returned 100% blocks executed 100%
       21:   77:    forward(typename std::remove_reference<_Tp>::type& __t) noexcept
       21:   78:    { return static_cast<_Tp&&>(__t); }
       21:   78-block  0
------------------
_ZSt7forwardIRKZN8nlohmann16json_abi_v3_11_310basic_jsonISt3mapSt6vectorNSt7__cxx1112basic_stringIcSt11char_traitsIcESaIcEEEbxydSaNS1_14adl_serializerES4_IhSaIhEEvE6createIS3_ISA_SE_St4lessIvESaISt4pairIKSA_SE_EEEJRKSM_EEEPT_DpOT0_EUlPSM_E_EOSP_RNSt16remove_referenceISP_E4typeE:
function _ZSt7forwardIRKZN8nlohmann16json_abi_v3_11_310basic_jsonISt3mapSt6vectorNSt7__cxx1112basic_stringIcSt11char_traitsIcESaIcEEEbxydSaNS1_14adl_serializerES4_IhSaIhEEvE6createIS3_ISA_SE_St4lessIvESaISt4pairIKSA_SE_EEEJRKSM_EEEPT_DpOT0_EUlPSM_E_EOSP_RNSt16remove_referenceISP_E4typeE called 126 returned 100% blocks executed 100%
      126:   77:    forward(typename std::remove_reference<_Tp>::type& __t) noexcept
      126:   78:    { return static_cast<_Tp&&>(__t); }
      126:   78-block  0
------------------
_ZSt7forwardIRKZN8nlohmann16json_abi_v3_11_310basic_jsonISt3mapSt6vectorNSt7__cxx1112basic_stringIcSt11char_traitsIcESaIcEEEbxydSaNS1_14adl_serializerES4_IhSaIhEEvE6createINS1_27byte_container_with_subtypeISD_EEJEEEPT_DpOT0_EUlPSH_E_EOSI_RNSt16remove_referenceISI_E4typeE:
function _ZSt7forwardIRKZN8nlohmann16json_abi_v3_11_310basic_jsonISt3mapSt6vectorNSt7__cxx1112basic_stringIcSt11char_traitsIcESaIcEEEbxydSaNS1_14adl_serializerES4_IhSaIhEEvE6createINS1_27byte_container_with_subtypeISD_EEJEEEPT_DpOT0_EUlPSH_E_EOSI_RNSt16remove_referenceISI_E4typeE called 0 returned 0% blocks executed 0%
    #####:   77:    forward(typename std::remove_reference<_Tp>::type& __t) noexcept
    #####:   78:    { return static_cast<_Tp&&>(__t); }
    %%%%%:   78-block  0
------------------
_ZSt7forwardIRKZN8nlohmann16json_abi_v3_11_310basic_jsonISt3mapSt6vectorNSt7__cxx1112basic_stringIcSt11char_traitsIcESaIcEEEbxydSaNS1_14adl_serializerES4_IhSaIhEEvE6createISA_JRA1_KcEEEPT_DpOT0_EUlPSA_E_EOSJ_RNSt16remove_referenceISJ_E4typeE:
function _ZSt7forwardIRKZN8nlohmann16json_abi_v3_11_310basic_jsonISt3mapSt6vectorNSt7__cxx1112basic_stringIcSt11char_traitsIcESaIcEEEbxydSaNS1_14adl_serializerES4_IhSaIhEEvE6createISA_JRA1_KcEEEPT_DpOT0_EUlPSA_E_EOSJ_RNSt16remove_referenceISJ_E4typeE called 0 returned 0% blocks executed 0%
    #####:   77:    forward(typename std::remove_reference<_Tp>::type& __t) noexcept
    #####:   78:    { return static_cast<_Tp&&>(__t); }
    %%%%%:   78-block  0
------------------
_ZSt7forwardIRKZN8nlohmann16json_abi_v3_11_310basic_jsonISt3mapSt6vectorNSt7__cxx1112basic_stringIcSt11char_traitsIcESaIcEEEbxydSaNS1_14adl_serializerES4_IhSaIhEEvE6createIS4_ISE_SaISE_EEJEEEPT_DpOT0_EUlPSH_E_EOSI_RNSt16remove_referenceISI_E4typeE:
function _ZSt7forwardIRKZN8nlohmann16json_abi_v3_11_310basic_jsonISt3mapSt6vectorNSt7__cxx1112basic_stringIcSt11char_traitsIcESaIcEEEbxydSaNS1_14adl_serializerES4_IhSaIhEEvE6createIS4_ISE_SaISE_EEJEEEPT_DpOT0_EUlPSH_E_EOSI_RNSt16remove_referenceISI_E4typeE called 33 returned 100% blocks executed 100%
       33:   77:    forward(typename std::remove_reference<_Tp>::type& __t) noexcept
       33:   78:    { return static_cast<_Tp&&>(__t); }
       33:   78-block  0
------------------
_ZSt7forwardIN8nlohmann16json_abi_v3_11_310basic_jsonISt3mapSt6vectorNSt7__cxx1112basic_stringIcSt11char_traitsIcESaIcEEEbxydSaNS1_14adl_serializerES4_IhSaIhEEvEEEOT_RNSt16remove_referenceISF_E4typeE:
function _ZSt7forwardIN8nlohmann16json_abi_v3_11_310basic_jsonISt3mapSt6vectorNSt7__cxx1112basic_stringIcSt11char_traitsIcESaIcEEEbxydSaNS1_14adl_serializerES4_IhSaIhEEvEEEOT_RNSt16remove_referenceISF_E4typeE called 0 returned 0% blocks executed 0%
    #####:   77:    forward(typename std::remove_reference<_Tp>::type& __t) noexcept
    #####:   78:    { return static_cast<_Tp&&>(__t); }
    %%%%%:   78-block  0
------------------
_ZSt7forwardIRyEOT_RNSt16remove_referenceIS1_E4typeE:
function _ZSt7forwardIRyEOT_RNSt16remove_referenceIS1_E4typeE called 48 returned 100% blocks executed 100%
       48:   77:    forward(typename std::remove_reference<_Tp>::type& __t) noexcept
       48:   78:    { return static_cast<_Tp&&>(__t); }
       48:   78-block  0
------------------
_ZSt7forwardIRxEOT_RNSt16remove_referenceIS1_E4typeE:
function _ZSt7forwardIRxEOT_RNSt16remove_referenceIS1_E4typeE called 0 returned 0% blocks executed 0%
    #####:   77:    forward(typename std::remove_reference<_Tp>::type& __t) noexcept
    #####:   78:    { return static_cast<_Tp&&>(__t); }
    %%%%%:   78-block  0
------------------
_ZSt7forwardIRbEOT_RNSt16remove_referenceIS1_E4typeE:
function _ZSt7forwardIRbEOT_RNSt16remove_referenceIS1_E4typeE called 0 returned 0% blocks executed 0%
    #####:   77:    forward(typename std::remove_reference<_Tp>::type& __t) noexcept
    #####:   78:    { return static_cast<_Tp&&>(__t); }
    %%%%%:   78-block  0
------------------
_ZSt7forwardIRdEOT_RNSt16remove_referenceIS1_E4typeE:
function _ZSt7forwardIRdEOT_RNSt16remove_referenceIS1_E4typeE called 24 returned 100% blocks executed 100%
       24:   77:    forward(typename std::remove_reference<_Tp>::type& __t) noexcept
       24:   78:    { return static_cast<_Tp&&>(__t); }
       24:   78-block  0
------------------
_ZSt7forwardIRA23_KcEOT_RNSt16remove_referenceIS3_E4typeE:
function _ZSt7forwardIRA23_KcEOT_RNSt16remove_referenceIS3_E4typeE called 0 returned 0% blocks executed 0%
    #####:   77:    forward(typename std::remove_reference<_Tp>::type& __t) noexcept
    #####:   78:    { return static_cast<_Tp&&>(__t); }
    %%%%%:   78-block  0
------------------
_ZSt7forwardIRA24_KcEOT_RNSt16remove_referenceIS3_E4typeE:
function _ZSt7forwardIRA24_KcEOT_RNSt16remove_referenceIS3_E4typeE called 0 returned 0% blocks executed 0%
    #####:   77:    forward(typename std::remove_reference<_Tp>::type& __t) noexcept
    #####:   78:    { return static_cast<_Tp&&>(__t); }
    %%%%%:   78-block  0
------------------
        -:   79:
        -:   80:  /**
        -:   81:   *  @brief  Forward an rvalue.
        -:   82:   *  @return The parameter cast to the specified type.
        -:   83:   *
        -:   84:   *  This function is used to implement "perfect forwarding".
        -:   85:   */
        -:   86:  template<typename _Tp>
        -:   87:    _GLIBCXX_NODISCARD
        -:   88:    constexpr _Tp&&
        -:   89:    forward(typename std::remove_reference<_Tp>::type&& __t) noexcept
        -:   90:    {
        -:   91:      static_assert(!std::is_lvalue_reference<_Tp>::value,
        -:   92:	  "std::forward must not be used to convert an rvalue to an lvalue");
        -:   93:      return static_cast<_Tp&&>(__t);
        -:   94:    }
        -:   95:
        -:   96:  /**
        -:   97:   *  @brief  Convert a value to an rvalue.
        -:   98:   *  @param  __t  A thing of arbitrary type.
        -:   99:   *  @return The parameter cast to an rvalue-reference to allow moving it.
        -:  100:  */
        -:  101:  template<typename _Tp>
        -:  102:    _GLIBCXX_NODISCARD
        -:  103:    constexpr typename std::remove_reference<_Tp>::type&&
    4537*:  104:    move(_Tp&& __t) noexcept
    4537*:  105:    { return static_cast<typename std::remove_reference<_Tp>::type&&>(__t); }
------------------
_ZSt4moveIRSt10shared_ptrIN8nlohmann16json_abi_v3_11_36detail23output_adapter_protocolIcEEEEONSt16remove_referenceIT_E4typeEOS9_:
function _ZSt4moveIRSt10shared_ptrIN8nlohmann16json_abi_v3_11_36detail23output_adapter_protocolIcEEEEONSt16remove_referenceIT_E4typeEOS9_ called 178 returned 100% blocks executed 100%
      178:  104:    move(_Tp&& __t) noexcept
      178:  105:    { return static_cast<typename std::remove_reference<_Tp>::type&&>(__t); }
      178:  105-block  0
------------------
_ZSt4moveIRSaIcEEONSt16remove_referenceIT_E4typeEOS3_:
function _ZSt4moveIRSaIcEEONSt16remove_referenceIT_E4typeEOS3_ called 0 returned 0% blocks executed 0%
    #####:  104:    move(_Tp&& __t) noexcept
    #####:  105:    { return static_cast<typename std::remove_reference<_Tp>::type&&>(__t); }
    %%%%%:  105-block  0
------------------
_ZSt4moveIRNSt7__cxx1112basic_stringIcSt11char_traitsIcESaIcEEEEONSt16remove_referenceIT_E4typeEOS8_:
function _ZSt4moveIRNSt7__cxx1112basic_stringIcSt11char_traitsIcESaIcEEEEONSt16remove_referenceIT_E4typeEOS8_ called 370 returned 100% blocks executed 100%
      370:  104:    move(_Tp&& __t) noexcept
      370:  105:    { return static_cast<typename std::remove_reference<_Tp>::type&&>(__t); }
      370:  105-block  0
------------------
_ZSt4moveIRN8nlohmann16json_abi_v3_11_310basic_jsonISt3mapSt6vectorNSt7__cxx1112basic_stringIcSt11char_traitsIcESaIcEEEbxydSaNS1_14adl_serializerES4_IhSaIhEEvEEEONSt16remove_referenceIT_E4typeEOSH_:
function _ZSt4moveIRN8nlohmann16json_abi_v3_11_310basic_jsonISt3mapSt6vectorNSt7__cxx1112basic_stringIcSt11char_traitsIcESaIcEEEbxydSaNS1_14adl_serializerES4_IhSaIhEEvEEEONSt16remove_referenceIT_E4typeEOSH_ called 0 returned 0% blocks executed 0%
    #####:  104:    move(_Tp&& __t) noexcept
    #####:  105:    { return static_cast<typename std::remove_reference<_Tp>::type&&>(__t); }
    %%%%%:  105-block  0
------------------
_ZSt4moveIRSt8functionIFbiN8nlohmann16json_abi_v3_11_36detail13parse_event_tERNS2_10basic_jsonISt3mapSt6vectorNSt7__cxx1112basic_stringIcSt11char_traitsIcESaIcEEEbxydSaNS2_14adl_serializerES7_IhSaIhEEvEEEEEONSt16remove_referenceIT_E4typeEOSN_:
function _ZSt4moveIRSt8functionIFbiN8nlohmann16json_abi_v3_11_36detail13parse_event_tERNS2_10basic_jsonISt3mapSt6vectorNSt7__cxx1112basic_stringIcSt11char_traitsIcESaIcEEEbxydSaNS2_14adl_serializerES7_IhSaIhEEvEEEEEONSt16remove_referenceIT_E4typeEOSN_ called 6 returned 100% blocks executed 100%
        6:  104:    move(_Tp&& __t) noexcept
        6:  105:    { return static_cast<typename std::remove_reference<_Tp>::type&&>(__t); }
        6:  105-block  0
------------------
_ZSt4moveIRN8nlohmann16json_abi_v3_11_310basic_jsonISt3mapSt6vectorNSt7__cxx1112basic_stringIcSt11char_traitsIcESaIcEEEbxydSaNS1_14adl_serializerES4_IhSaIhEEvE4dataEEONSt16remove_referenceIT_E4typeEOSI_:
function _ZSt4moveIRN8nlohmann16json_abi_v3_11_310basic_jsonISt3mapSt6vectorNSt7__cxx1112basic_stringIcSt11char_traitsIcESaIcEEEbxydSaNS1_14adl_serializerES4_IhSaIhEEvE4dataEEONSt16remove_referenceIT_E4typeEOSI_ called 0 returned 0% blocks executed 0%
    #####:  104:    move(_Tp&& __t) noexcept
    #####:  105:    { return static_cast<typename std::remove_reference<_Tp>::type&&>(__t); }
    %%%%%:  105-block  0
------------------
_ZSt4moveIRN8nlohmann16json_abi_v3_11_36detail7value_tEEONSt16remove_referenceIT_E4typeEOS6_:
function _ZSt4moveIRN8nlohmann16json_abi_v3_11_36detail7value_tEEONSt16remove_referenceIT_E4typeEOS6_ called 564 returned 100% blocks executed 100%
      564:  104:    move(_Tp&& __t) noexcept
      564:  105:    { return static_cast<typename std::remove_reference<_Tp>::type&&>(__t); }
      564:  105-block  0
------------------
_ZSt4moveIRN8nlohmann16json_abi_v3_11_310basic_jsonISt3mapSt6vectorNSt7__cxx1112basic_stringIcSt11char_traitsIcESaIcEEEbxydSaNS1_14adl_serializerES4_IhSaIhEEvE10json_valueEEONSt16remove_referenceIT_E4typeEOSI_:
function _ZSt4moveIRN8nlohmann16json_abi_v3_11_310basic_jsonISt3mapSt6vectorNSt7__cxx1112basic_stringIcSt11char_traitsIcESaIcEEEbxydSaNS1_14adl_serializerES4_IhSaIhEEvE10json_valueEEONSt16remove_referenceIT_E4typeEOSI_ called 564 returned 100% blocks executed 100%
      564:  104:    move(_Tp&& __t) noexcept
      564:  105:    { return static_cast<typename std::remove_reference<_Tp>::type&&>(__t); }
      564:  105-block  0
------------------
_ZSt4moveIRZN8AutoRepo10remove_carERKNSt7__cxx1112basic_stringIcSt11char_traitsIcESaIcEEEEUlRKN8nlohmann16json_abi_v3_11_310basic_jsonISt3mapSt6vectorS6_bxydSaNSA_14adl_serializerESD_IhSaIhEEvEEE_EONSt16remove_referenceIT_E4typeEOSN_:
function _ZSt4moveIRZN8AutoRepo10remove_carERKNSt7__cxx1112basic_stringIcSt11char_traitsIcESaIcEEEEUlRKN8nlohmann16json_abi_v3_11_310basic_jsonISt3mapSt6vectorS6_bxydSaNSA_14adl_serializerESD_IhSaIhEEvEEE_EONSt16remove_referenceIT_E4typeEOSN_ called 22 returned 100% blocks executed 100%
       22:  104:    move(_Tp&& __t) noexcept
       22:  105:    { return static_cast<typename std::remove_reference<_Tp>::type&&>(__t); }
       22:  105-block  0
------------------
_ZSt4moveIRcEONSt16remove_referenceIT_E4typeEOS2_:
function _ZSt4moveIRcEONSt16remove_referenceIT_E4typeEOS2_ called 2382 returned 100% blocks executed 100%
     2382:  104:    move(_Tp&& __t) noexcept
     2382:  105:    { return static_cast<typename std::remove_reference<_Tp>::type&&>(__t); }
     2382:  105-block  0
------------------
_ZSt4moveIRN8nlohmann16json_abi_v3_11_36detail20input_stream_adapterEEONSt16remove_referenceIT_E4typeEOS6_:
function _ZSt4moveIRN8nlohmann16json_abi_v3_11_36detail20input_stream_adapterEEONSt16remove_referenceIT_E4typeEOS6_ called 18 returned 100% blocks executed 100%
       18:  104:    move(_Tp&& __t) noexcept
       18:  105:    { return static_cast<typename std::remove_reference<_Tp>::type&&>(__t); }
       18:  105-block  0
------------------
_ZSt4moveIRSt4pairIRNSt7__cxx1112basic_stringIcSt11char_traitsIcESaIcEEERDnEEONSt16remove_referenceIT_E4typeEOSC_:
function _ZSt4moveIRSt4pairIRNSt7__cxx1112basic_stringIcSt11char_traitsIcESaIcEEERDnEEONSt16remove_referenceIT_E4typeEOSC_ called 398 returned 100% blocks executed 100%
      398:  104:    move(_Tp&& __t) noexcept
      398:  105:    { return static_cast<typename std::remove_reference<_Tp>::type&&>(__t); }
      398:  105-block  0
------------------
_ZSt4moveIRSt10shared_ptrIN8nlohmann16json_abi_v3_11_36detail21output_string_adapterIcNSt7__cxx1112basic_stringIcSt11char_traitsIcESaIcEEEEEEEONSt16remove_referenceIT_E4typeEOSF_:
function _ZSt4moveIRSt10shared_ptrIN8nlohmann16json_abi_v3_11_36detail21output_string_adapterIcNSt7__cxx1112basic_stringIcSt11char_traitsIcESaIcEEEEEEEONSt16remove_referenceIT_E4typeEOSF_ called 23 returned 100% blocks executed 100%
       23:  104:    move(_Tp&& __t) noexcept
       23:  105:    { return static_cast<typename std::remove_reference<_Tp>::type&&>(__t); }
       23:  105-block  0
------------------
_ZSt4moveIRPSt3mapINSt7__cxx1112basic_stringIcSt11char_traitsIcESaIcEEEN8nlohmann16json_abi_v3_11_310basic_jsonIS0_St6vectorS6_bxydSaNS8_14adl_serializerESA_IhSaIhEEvEESt4lessIvESaISt4pairIKS6_SE_EEEEONSt16remove_referenceIT_E4typeEOSP_:
function _ZSt4moveIRPSt3mapINSt7__cxx1112basic_stringIcSt11char_traitsIcESaIcEEEN8nlohmann16json_abi_v3_11_310basic_jsonIS0_St6vectorS6_bxydSaNS8_14adl_serializerESA_IhSaIhEEvEESt4lessIvESaISt4pairIKS6_SE_EEEEONSt16remove_referenceIT_E4typeEOSP_ called 0 returned 0% blocks executed 0%
    #####:  104:    move(_Tp&& __t) noexcept
    #####:  105:    { return static_cast<typename std::remove_reference<_Tp>::type&&>(__t); }
    %%%%%:  105-block  0
------------------
_ZSt4moveIRPSt6vectorIN8nlohmann16json_abi_v3_11_310basic_jsonISt3mapS0_NSt7__cxx1112basic_stringIcSt11char_traitsIcESaIcEEEbxydSaNS2_14adl_serializerES0_IhSaIhEEvEESaISE_EEEONSt16remove_referenceIT_E4typeEOSK_:
function _ZSt4moveIRPSt6vectorIN8nlohmann16json_abi_v3_11_310basic_jsonISt3mapS0_NSt7__cxx1112basic_stringIcSt11char_traitsIcESaIcEEEbxydSaNS2_14adl_serializerES0_IhSaIhEEvEESaISE_EEEONSt16remove_referenceIT_E4typeEOSK_ called 0 returned 0% blocks executed 0%
    #####:  104:    move(_Tp&& __t) noexcept
    #####:  105:    { return static_cast<typename std::remove_reference<_Tp>::type&&>(__t); }
    %%%%%:  105-block  0
------------------
_ZSt4moveIRPNSt7__cxx1112basic_stringIcSt11char_traitsIcESaIcEEEEONSt16remove_referenceIT_E4typeEOS9_:
function _ZSt4moveIRPNSt7__cxx1112basic_stringIcSt11char_traitsIcESaIcEEEEONSt16remove_referenceIT_E4typeEOS9_ called 0 returned 0% blocks executed 0%
    #####:  104:    move(_Tp&& __t) noexcept
    #####:  105:    { return static_cast<typename std::remove_reference<_Tp>::type&&>(__t); }
    %%%%%:  105-block  0
------------------
_ZSt4moveIRPN8nlohmann16json_abi_v3_11_327byte_container_with_subtypeISt6vectorIhSaIhEEEEEONSt16remove_referenceIT_E4typeEOSA_:
function _ZSt4moveIRPN8nlohmann16json_abi_v3_11_327byte_container_with_subtypeISt6vectorIhSaIhEEEEEONSt16remove_referenceIT_E4typeEOSA_ called 0 returned 0% blocks executed 0%
    #####:  104:    move(_Tp&& __t) noexcept
    #####:  105:    { return static_cast<typename std::remove_reference<_Tp>::type&&>(__t); }
    %%%%%:  105-block  0
------------------
_ZSt4moveIRPN8nlohmann16json_abi_v3_11_310basic_jsonISt3mapSt6vectorNSt7__cxx1112basic_stringIcSt11char_traitsIcESaIcEEEbxydSaNS1_14adl_serializerES4_IhSaIhEEvEEEONSt16remove_referenceIT_E4typeEOSI_:
function _ZSt4moveIRPN8nlohmann16json_abi_v3_11_310basic_jsonISt3mapSt6vectorNSt7__cxx1112basic_stringIcSt11char_traitsIcESaIcEEEbxydSaNS1_14adl_serializerES4_IhSaIhEEvEEEONSt16remove_referenceIT_E4typeEOSI_ called 12 returned 100% blocks executed 100%
       12:  104:    move(_Tp&& __t) noexcept
       12:  105:    { return static_cast<typename std::remove_reference<_Tp>::type&&>(__t); }
       12:  105-block  0
------------------
        -:  106:
        -:  107:
        -:  108:  template<typename _Tp>
        -:  109:    struct __move_if_noexcept_cond
        -:  110:    : public __and_<__not_<is_nothrow_move_constructible<_Tp>>,
        -:  111:                    is_copy_constructible<_Tp>>::type { };
        -:  112:
        -:  113:  /**
        -:  114:   *  @brief  Conditionally convert a value to an rvalue.
        -:  115:   *  @param  __x  A thing of arbitrary type.
        -:  116:   *  @return The parameter, possibly cast to an rvalue-reference.
        -:  117:   *
        -:  118:   *  Same as std::move unless the type's move constructor could throw and the
        -:  119:   *  type is copyable, in which case an lvalue-reference is returned instead.
        -:  120:   */
        -:  121:  template<typename _Tp>
        -:  122:    _GLIBCXX_NODISCARD
        -:  123:    constexpr
        -:  124:    __conditional_t<__move_if_noexcept_cond<_Tp>::value, const _Tp&, _Tp&&>
        -:  125:    move_if_noexcept(_Tp& __x) noexcept
        -:  126:    { return std::move(__x); }
        -:  127:
        -:  128:  // declval, from type_traits.
        -:  129:
        -:  130:#if __cplusplus > 201402L
        -:  131:  // _GLIBCXX_RESOLVE_LIB_DEFECTS
        -:  132:  // 2296. std::addressof should be constexpr
        -:  133:# define __cpp_lib_addressof_constexpr 201603L
        -:  134:#endif
        -:  135:  /**
        -:  136:   *  @brief Returns the actual address of the object or function
        -:  137:   *         referenced by r, even in the presence of an overloaded
        -:  138:   *         operator&.
        -:  139:   *  @param  __r  Reference to an object or function.
        -:  140:   *  @return   The actual address.
        -:  141:  */
        -:  142:  template<typename _Tp>
        -:  143:    _GLIBCXX_NODISCARD
        -:  144:    inline _GLIBCXX17_CONSTEXPR _Tp*
        -:  145:    addressof(_Tp& __r) noexcept
        -:  146:    { return std::__addressof(__r); }
        -:  147:
        -:  148:  // _GLIBCXX_RESOLVE_LIB_DEFECTS
        -:  149:  // 2598. addressof works on temporaries
        -:  150:  template<typename _Tp>
        -:  151:    const _Tp* addressof(const _Tp&&) = delete;
        -:  152:
        -:  153:  // C++11 version of std::exchange for internal use.
        -:  154:  template <typename _Tp, typename _Up = _Tp>
        -:  155:    _GLIBCXX20_CONSTEXPR
        -:  156:    inline _Tp
        -:  157:    __exchange(_Tp& __obj, _Up&& __new_val)
        -:  158:    {
        -:  159:      _Tp __old_val = std::move(__obj);
        -:  160:      __obj = std::forward<_Up>(__new_val);
        -:  161:      return __old_val;
        -:  162:    }
        -:  163:
        -:  164:  /// @} group utilities
        -:  165:
        -:  166:#define _GLIBCXX_FWDREF(_Tp) _Tp&&
        -:  167:#define _GLIBCXX_MOVE(__val) std::move(__val)
        -:  168:#define _GLIBCXX_FORWARD(_Tp, __val) std::forward<_Tp>(__val)
        -:  169:#else
        -:  170:#define _GLIBCXX_FWDREF(_Tp) const _Tp&
        -:  171:#define _GLIBCXX_MOVE(__val) (__val)
        -:  172:#define _GLIBCXX_FORWARD(_Tp, __val) (__val)
        -:  173:#endif
        -:  174:
        -:  175:  /**
        -:  176:   *  @addtogroup utilities
        -:  177:   *  @{
        -:  178:   */
        -:  179:
        -:  180:  /**
        -:  181:   *  @brief Swaps two values.
        -:  182:   *  @param  __a  A thing of arbitrary type.
        -:  183:   *  @param  __b  Another thing of arbitrary type.
        -:  184:   *  @return   Nothing.
        -:  185:  */
        -:  186:  template<typename _Tp>
        -:  187:    _GLIBCXX20_CONSTEXPR
        -:  188:    inline
        -:  189:#if __cplusplus >= 201103L
        -:  190:    typename enable_if<__and_<__not_<__is_tuple_like<_Tp>>,
        -:  191:			      is_move_constructible<_Tp>,
        -:  192:			      is_move_assignable<_Tp>>::value>::type
        -:  193:#else
        -:  194:    void
        -:  195:#endif
      376:  196:    swap(_Tp& __a, _Tp& __b)
        -:  197:    _GLIBCXX_NOEXCEPT_IF(__and_<is_nothrow_move_constructible<_Tp>,
        -:  198:				is_nothrow_move_assignable<_Tp>>::value)
        -:  199:    {
        -:  200:#if __cplusplus < 201103L
        -:  201:      // concept requirements
        -:  202:      __glibcxx_function_requires(_SGIAssignableConcept<_Tp>)
        -:  203:#endif
      376:  204:      _Tp __tmp = _GLIBCXX_MOVE(__a);
      376:  205:      __a = _GLIBCXX_MOVE(__b);
      376:  206:      __b = _GLIBCXX_MOVE(__tmp);
      376:  207:    }
------------------
_ZSt4swapIN8nlohmann16json_abi_v3_11_310basic_jsonISt3mapSt6vectorNSt7__cxx1112basic_stringIcSt11char_traitsIcESaIcEEEbxydSaNS1_14adl_serializerES4_IhSaIhEEvE10json_valueEENSt9enable_ifIXsrSt6__and_IJSt6__not_ISt15__is_tuple_likeIT_EESt21is_move_constructibleISK_ESt18is_move_assignableISK_EEE5valueEvE4typeERSK_SU_:
function _ZSt4swapIN8nlohmann16json_abi_v3_11_310basic_jsonISt3mapSt6vectorNSt7__cxx1112basic_stringIcSt11char_traitsIcESaIcEEEbxydSaNS1_14adl_serializerES4_IhSaIhEEvE10json_valueEENSt9enable_ifIXsrSt6__and_IJSt6__not_ISt15__is_tuple_likeIT_EESt21is_move_constructibleISK_ESt18is_move_assignableISK_EEE5valueEvE4typeERSK_SU_ called 188 returned 100% blocks executed 100%
      188:  196:    swap(_Tp& __a, _Tp& __b)
        -:  197:    _GLIBCXX_NOEXCEPT_IF(__and_<is_nothrow_move_constructible<_Tp>,
        -:  198:				is_nothrow_move_assignable<_Tp>>::value)
        -:  199:    {
        -:  200:#if __cplusplus < 201103L
        -:  201:      // concept requirements
        -:  202:      __glibcxx_function_requires(_SGIAssignableConcept<_Tp>)
        -:  203:#endif
      188:  204:      _Tp __tmp = _GLIBCXX_MOVE(__a);
      188:  204-block  0
call    0 returned 188
      188:  205:      __a = _GLIBCXX_MOVE(__b);
call    0 returned 188
      188:  206:      __b = _GLIBCXX_MOVE(__tmp);
call    0 returned 188
      188:  207:    }
------------------
_ZSt4swapIN8nlohmann16json_abi_v3_11_36detail7value_tEENSt9enable_ifIXsrSt6__and_IJSt6__not_ISt15__is_tuple_likeIT_EESt21is_move_constructibleIS8_ESt18is_move_assignableIS8_EEE5valueEvE4typeERS8_SI_:
function _ZSt4swapIN8nlohmann16json_abi_v3_11_36detail7value_tEENSt9enable_ifIXsrSt6__and_IJSt6__not_ISt15__is_tuple_likeIT_EESt21is_move_constructibleIS8_ESt18is_move_assignableIS8_EEE5valueEvE4typeERS8_SI_ called 188 returned 100% blocks executed 100%
      188:  196:    swap(_Tp& __a, _Tp& __b)
        -:  197:    _GLIBCXX_NOEXCEPT_IF(__and_<is_nothrow_move_constructible<_Tp>,
        -:  198:				is_nothrow_move_assignable<_Tp>>::value)
        -:  199:    {
        -:  200:#if __cplusplus < 201103L
        -:  201:      // concept requirements
        -:  202:      __glibcxx_function_requires(_SGIAssignableConcept<_Tp>)
        -:  203:#endif
      188:  204:      _Tp __tmp = _GLIBCXX_MOVE(__a);
      188:  204-block  0
call    0 returned 188
      188:  205:      __a = _GLIBCXX_MOVE(__b);
call    0 returned 188
      188:  206:      __b = _GLIBCXX_MOVE(__tmp);
call    0 returned 188
      188:  207:    }
------------------
        -:  208:
        -:  209:  // _GLIBCXX_RESOLVE_LIB_DEFECTS
        -:  210:  // DR 809. std::swap should be overloaded for array types.
        -:  211:  /// Swap the contents of two arrays.
        -:  212:  template<typename _Tp, size_t _Nm>
        -:  213:    _GLIBCXX20_CONSTEXPR
        -:  214:    inline
        -:  215:#if __cplusplus >= 201103L
        -:  216:    typename enable_if<__is_swappable<_Tp>::value>::type
        -:  217:#else
        -:  218:    void
        -:  219:#endif
        -:  220:    swap(_Tp (&__a)[_Nm], _Tp (&__b)[_Nm])
        -:  221:    _GLIBCXX_NOEXCEPT_IF(__is_nothrow_swappable<_Tp>::value)
        -:  222:    {
        -:  223:      for (size_t __n = 0; __n < _Nm; ++__n)
        -:  224:	swap(__a[__n], __b[__n]);
        -:  225:    }
        -:  226:
        -:  227:  /// @} group utilities
        -:  228:_GLIBCXX_END_NAMESPACE_VERSION
        -:  229:} // namespace
        -:  230:
        -:  231:#endif /* _MOVE_H */
