        -:    0:Source:C:/Program Files/JetBrains/CLion 2023.3.4/bin/mingw/lib/gcc/x86_64-w64-mingw32/13.1.0/include/c++/bits/allocator.h
        -:    0:Graph:C:\Users\rares\CLionProjects\OOP\Json-test\cmake-build-debug-coverage\CMakeFiles\Json_test.dir\Repositories\AutoRepo\TestsAutoRepo\testsAutoRepo.cpp.gcno
        -:    0:Data:C:\Users\rares\CLionProjects\OOP\Json-test\cmake-build-debug-coverage\CMakeFiles\Json_test.dir\Repositories\AutoRepo\TestsAutoRepo\testsAutoRepo.cpp.gcda
        -:    0:Runs:1
        -:    1:// Allocators -*- C++ -*-
        -:    2:
        -:    3:// Copyright (C) 2001-2023 Free Software Foundation, Inc.
        -:    4://
        -:    5:// This file is part of the GNU ISO C++ Library.  This library is free
        -:    6:// software; you can redistribute it and/or modify it under the
        -:    7:// terms of the GNU General Public License as published by the
        -:    8:// Free Software Foundation; either version 3, or (at your option)
        -:    9:// any later version.
        -:   10:
        -:   11:// This library is distributed in the hope that it will be useful,
        -:   12:// but WITHOUT ANY WARRANTY; without even the implied warranty of
        -:   13:// MERCHANTABILITY or FITNESS FOR A PARTICULAR PURPOSE.  See the
        -:   14:// GNU General Public License for more details.
        -:   15:
        -:   16:// Under Section 7 of GPL version 3, you are granted additional
        -:   17:// permissions described in the GCC Runtime Library Exception, version
        -:   18:// 3.1, as published by the Free Software Foundation.
        -:   19:
        -:   20:// You should have received a copy of the GNU General Public License and
        -:   21:// a copy of the GCC Runtime Library Exception along with this program;
        -:   22:// see the files COPYING3 and COPYING.RUNTIME respectively.  If not, see
        -:   23:// <http://www.gnu.org/licenses/>.
        -:   24:
        -:   25:/*
        -:   26: * Copyright (c) 1996-1997
        -:   27: * Silicon Graphics Computer Systems, Inc.
        -:   28: *
        -:   29: * Permission to use, copy, modify, distribute and sell this software
        -:   30: * and its documentation for any purpose is hereby granted without fee,
        -:   31: * provided that the above copyright notice appear in all copies and
        -:   32: * that both that copyright notice and this permission notice appear
        -:   33: * in supporting documentation.  Silicon Graphics makes no
        -:   34: * representations about the suitability of this software for any
        -:   35: * purpose.  It is provided "as is" without express or implied warranty.
        -:   36: */
        -:   37:
        -:   38:/** @file bits/allocator.h
        -:   39: *  This is an internal header file, included by other library headers.
        -:   40: *  Do not attempt to use it directly. @headername{memory}
        -:   41: */
        -:   42:
        -:   43:#ifndef _ALLOCATOR_H
        -:   44:#define _ALLOCATOR_H 1
        -:   45:
        -:   46:#include <bits/c++allocator.h> // Define the base class to std::allocator.
        -:   47:#include <bits/memoryfwd.h>
        -:   48:#if __cplusplus >= 201103L
        -:   49:#include <type_traits>
        -:   50:#endif
        -:   51:
        -:   52:#define __cpp_lib_incomplete_container_elements 201505L
        -:   53:
        -:   54:namespace std _GLIBCXX_VISIBILITY(default)
        -:   55:{
        -:   56:_GLIBCXX_BEGIN_NAMESPACE_VERSION
        -:   57:
        -:   58:  /**
        -:   59:   *  @addtogroup allocators
        -:   60:   *  @{
        -:   61:   */
        -:   62:
        -:   63:  // Since C++20 the primary template should be used for allocator<void>,
        -:   64:  // but then it would have a non-trivial default ctor and dtor for C++20,
        -:   65:  // but trivial for C++98-17, which would be an ABI incompatibility between
        -:   66:  // different standard dialects. So C++20 still uses the allocator<void>
        -:   67:  // explicit specialization, with the historical ABI properties, but with
        -:   68:  // the same members that are present in the primary template.
        -:   69:
        -:   70:  /** std::allocator<void> specialization.
        -:   71:   *
        -:   72:   * @headerfile memory
        -:   73:   */
        -:   74:  template<>
        -:   75:    class allocator<void>
        -:   76:    {
        -:   77:    public:
        -:   78:      typedef void        value_type;
        -:   79:      typedef size_t      size_type;
        -:   80:      typedef ptrdiff_t   difference_type;
        -:   81:
        -:   82:#if __cplusplus <= 201703L
        -:   83:      // These were removed for C++20, allocator_traits does the right thing.
        -:   84:      typedef void*       pointer;
        -:   85:      typedef const void* const_pointer;
        -:   86:
        -:   87:      template<typename _Tp1>
        -:   88:	struct rebind
        -:   89:	{ typedef allocator<_Tp1> other; };
        -:   90:#endif
        -:   91:
        -:   92:#if __cplusplus >= 201103L
        -:   93:      // _GLIBCXX_RESOLVE_LIB_DEFECTS
        -:   94:      // 2103. std::allocator propagate_on_container_move_assignment
        -:   95:      using propagate_on_container_move_assignment = true_type;
        -:   96:
        -:   97:      using is_always_equal
        -:   98:	_GLIBCXX20_DEPRECATED_SUGGEST("std::allocator_traits::is_always_equal")
        -:   99:	= true_type;
        -:  100:
        -:  101:#if __cplusplus >= 202002L
        -:  102:      // As noted above, these members are present for C++20 to provide the
        -:  103:      // same API as the primary template, but still trivial as in pre-C++20.
        -:  104:      allocator() = default;
        -:  105:      ~allocator() = default;
        -:  106:
        -:  107:      template<typename _Up>
        -:  108:	__attribute__((__always_inline__))
        -:  109:	constexpr
        -:  110:	allocator(const allocator<_Up>&) noexcept { }
        -:  111:
        -:  112:      // No allocate member because it's ill-formed by LWG 3307.
        -:  113:      // No deallocate member because it would be undefined to call it
        -:  114:      // with any pointer which wasn't obtained from allocate.
        -:  115:#endif // C++20
        -:  116:#endif // C++11
        -:  117:    };
        -:  118:
        -:  119:  /**
        -:  120:   * @brief  The @a standard allocator, as per C++03 [20.4.1].
        -:  121:   *
        -:  122:   *  See https://gcc.gnu.org/onlinedocs/libstdc++/manual/memory.html#std.util.memory.allocator
        -:  123:   *  for further details.
        -:  124:   *
        -:  125:   *  @tparam  _Tp  Type of allocated object.
        -:  126:   *
        -:  127:   *  @headerfile memory
        -:  128:   */
        -:  129:  template<typename _Tp>
        -:  130:    class allocator : public __allocator_base<_Tp>
        -:  131:    {
        -:  132:    public:
        -:  133:      typedef _Tp        value_type;
        -:  134:      typedef size_t     size_type;
        -:  135:      typedef ptrdiff_t  difference_type;
        -:  136:
        -:  137:#if __cplusplus <= 201703L
        -:  138:      // These were removed for C++20.
        -:  139:      typedef _Tp*       pointer;
        -:  140:      typedef const _Tp* const_pointer;
        -:  141:      typedef _Tp&       reference;
        -:  142:      typedef const _Tp& const_reference;
        -:  143:
        -:  144:      template<typename _Tp1>
        -:  145:	struct rebind
        -:  146:	{ typedef allocator<_Tp1> other; };
        -:  147:#endif
        -:  148:
        -:  149:#if __cplusplus >= 201103L
        -:  150:      // _GLIBCXX_RESOLVE_LIB_DEFECTS
        -:  151:      // 2103. std::allocator propagate_on_container_move_assignment
        -:  152:      using propagate_on_container_move_assignment = true_type;
        -:  153:
        -:  154:      using is_always_equal
        -:  155:	_GLIBCXX20_DEPRECATED_SUGGEST("std::allocator_traits::is_always_equal")
        -:  156:	= true_type;
        -:  157:#endif
        -:  158:
        -:  159:      // _GLIBCXX_RESOLVE_LIB_DEFECTS
        -:  160:      // 3035. std::allocator's constructors should be constexpr
        -:  161:      __attribute__((__always_inline__))
        -:  162:      _GLIBCXX20_CONSTEXPR
     152*:  163:      allocator() _GLIBCXX_NOTHROW { }
    %%%%%:  163-block  0
    %%%%%:  163-block  1
    %%%%%:  163-block  2
    %%%%%:  163-block  3
    %%%%%:  163-block  4
    %%%%%:  163-block  5
    %%%%%:  163-block  6
    %%%%%:  163-block  7
    %%%%%:  163-block  8
    %%%%%:  163-block  9
    %%%%%:  163-block 10
    %%%%%:  163-block 11
    %%%%%:  163-block 12
    %%%%%:  163-block 13
    %%%%%:  163-block 14
    %%%%%:  163-block 15
    %%%%%:  163-block 16
    %%%%%:  163-block 17
    %%%%%:  163-block 18
    %%%%%:  163-block 19
    %%%%%:  163-block 20
    %%%%%:  163-block 21
    %%%%%:  163-block 22
    %%%%%:  163-block 23
    %%%%%:  163-block 24
    %%%%%:  163-block 25
    %%%%%:  163-block 26
    %%%%%:  163-block 27
    %%%%%:  163-block 28
    %%%%%:  163-block 29
    %%%%%:  163-block 30
        1:  163-block 31
        1:  163-block 32
        1:  163-block 33
        1:  163-block 34
        1:  163-block 35
        1:  163-block 36
        1:  163-block 37
        1:  163-block 38
        1:  163-block 39
        1:  163-block 40
        1:  163-block 41
        1:  163-block 42
        1:  163-block 43
        1:  163-block 44
        1:  163-block 45
        1:  163-block 46
        1:  163-block 47
        1:  163-block 48
        1:  163-block 49
        1:  163-block 50
        1:  163-block 51
        1:  163-block 52
        1:  163-block 53
        1:  163-block 54
        1:  163-block 55
        1:  163-block 56
        1:  163-block 57
        1:  163-block 58
        1:  163-block 59
        1:  163-block 60
        1:  163-block 61
        1:  163-block 62
        1:  163-block 63
        1:  163-block 64
        1:  163-block 65
        1:  163-block 66
        1:  163-block 67
        1:  163-block 68
        1:  163-block 69
        1:  163-block 70
        1:  163-block 71
        1:  163-block 72
        1:  163-block 73
        1:  163-block 74
        1:  163-block 75
        1:  163-block 76
        1:  163-block 77
        1:  163-block 78
        1:  163-block 79
        1:  163-block 80
        1:  163-block 81
        1:  163-block 82
        1:  163-block 83
        1:  163-block 84
        1:  163-block 85
        1:  163-block 86
        1:  163-block 87
        1:  163-block 88
        1:  163-block 89
        1:  163-block 90
        1:  163-block 91
        1:  163-block 92
        1:  163-block 93
        1:  163-block 94
        1:  163-block 95
        1:  163-block 96
        1:  163-block 97
        1:  163-block 98
        1:  163-block 99
        1:  163-block 100
        1:  163-block 101
        1:  163-block 102
        1:  163-block 103
        1:  163-block 104
        1:  163-block 105
        1:  163-block 106
    $$$$$:  163-block 107
        1:  163-block 108
        1:  163-block 109
        1:  163-block 110
        1:  163-block 111
        1:  163-block 112
        1:  163-block 113
        1:  163-block 114
        1:  163-block 115
        1:  163-block 116
        1:  163-block 117
        1:  163-block 118
        1:  163-block 119
        1:  163-block 120
        1:  163-block 121
        1:  163-block 122
        1:  163-block 123
        1:  163-block 124
        1:  163-block 125
        1:  163-block 126
        1:  163-block 127
        1:  163-block 128
        1:  163-block 129
        1:  163-block 130
        1:  163-block 131
        1:  163-block 132
        1:  163-block 133
        1:  163-block 134
        1:  163-block 135
        1:  163-block 136
        1:  163-block 137
        1:  163-block 138
        1:  163-block 139
        1:  163-block 140
        1:  163-block 141
        1:  163-block 142
        1:  163-block 143
        1:  163-block 144
        1:  163-block 145
        1:  163-block 146
        1:  163-block 147
        1:  163-block 148
        1:  163-block 149
        1:  163-block 150
        1:  163-block 151
        1:  163-block 152
        1:  163-block 153
        1:  163-block 154
        1:  163-block 155
        1:  163-block 156
        1:  163-block 157
        1:  163-block 158
        1:  163-block 159
        1:  163-block 160
        1:  163-block 161
        1:  163-block 162
        1:  163-block 163
        1:  163-block 164
        1:  163-block 165
        1:  163-block 166
        1:  163-block 167
        1:  163-block 168
        1:  163-block 169
        1:  163-block 170
        1:  163-block 171
        1:  163-block 172
        1:  163-block 173
        1:  163-block 174
        1:  163-block 175
        1:  163-block 176
        1:  163-block 177
        1:  163-block 178
        1:  163-block 179
        1:  163-block 180
        1:  163-block 181
        1:  163-block 182
        1:  163-block 183
    %%%%%:  163-block 184
    %%%%%:  163-block 185
        -:  164:
        -:  165:      __attribute__((__always_inline__))
        -:  166:      _GLIBCXX20_CONSTEXPR
        -:  167:      allocator(const allocator& __a) _GLIBCXX_NOTHROW
    #####:  168:      : __allocator_base<_Tp>(__a) { }
    %%%%%:  168-block  0
    %%%%%:  168-block  1
    %%%%%:  168-block  2
    %%%%%:  168-block  3
    %%%%%:  168-block  4
    %%%%%:  168-block  5
        -:  169:
        -:  170:#if __cplusplus >= 201103L
        -:  171:      // Avoid implicit deprecation.
        -:  172:      allocator& operator=(const allocator&) = default;
        -:  173:#endif
        -:  174:
        -:  175:      template<typename _Tp1>
        -:  176:	__attribute__((__always_inline__))
        -:  177:	_GLIBCXX20_CONSTEXPR
        -:  178:	allocator(const allocator<_Tp1>&) _GLIBCXX_NOTHROW { }
        -:  179:
        -:  180:      __attribute__((__always_inline__))
        -:  181:#if __cpp_constexpr_dynamic_alloc
        -:  182:      constexpr
        -:  183:#endif
     152*:  184:      ~allocator() _GLIBCXX_NOTHROW { }
    %%%%%:  184-block  0
call    0 never executed
    $$$$$:  184-block  1
call    1 never executed
call    2 never executed
    $$$$$:  184-block  2
call    3 never executed
    %%%%%:  184-block  3
call    4 never executed
    %%%%%:  184-block  4
call    5 never executed
    $$$$$:  184-block  5
call    6 never executed
    %%%%%:  184-block  6
call    7 never executed
    $$$$$:  184-block  7
call    8 never executed
call    9 never executed
    $$$$$:  184-block  8
call   10 never executed
call   11 never executed
    $$$$$:  184-block  9
call   12 never executed
    %%%%%:  184-block 10
call   13 never executed
    $$$$$:  184-block 11
call   14 never executed
call   15 never executed
    $$$$$:  184-block 12
call   16 never executed
call   17 never executed
    $$$$$:  184-block 13
call   18 never executed
call   19 never executed
    $$$$$:  184-block 14
call   20 never executed
call   21 never executed
    $$$$$:  184-block 15
call   22 never executed
call   23 never executed
    $$$$$:  184-block 16
call   24 never executed
call   25 never executed
    $$$$$:  184-block 17
call   26 never executed
call   27 never executed
    $$$$$:  184-block 18
call   28 never executed
call   29 never executed
    $$$$$:  184-block 19
call   30 never executed
call   31 never executed
    $$$$$:  184-block 20
call   32 never executed
    %%%%%:  184-block 21
call   33 never executed
    $$$$$:  184-block 22
call   34 never executed
call   35 never executed
call   36 never executed
call   37 never executed
call   38 never executed
    $$$$$:  184-block 23
call   39 never executed
    $$$$$:  184-block 24
call   40 never executed
    $$$$$:  184-block 25
call   41 never executed
    $$$$$:  184-block 26
call   42 never executed
    %%%%%:  184-block 27
call   43 never executed
    %%%%%:  184-block 28
call   44 never executed
    %%%%%:  184-block 29
call   45 never executed
    %%%%%:  184-block 30
call   46 never executed
call   47 never executed
    $$$$$:  184-block 31
call   48 never executed
call   49 never executed
    $$$$$:  184-block 32
call   50 never executed
call   51 never executed
    $$$$$:  184-block 33
call   52 never executed
call   53 never executed
call   54 never executed
    $$$$$:  184-block 34
call   55 never executed
    $$$$$:  184-block 35
call   56 never executed
call   57 returned 1
call   58 returned 1
call   59 returned 1
call   60 returned 1
call   61 returned 1
call   62 returned 1
call   63 returned 1
call   64 returned 1
call   65 returned 1
call   66 returned 1
call   67 returned 1
call   68 returned 1
call   69 returned 1
call   70 returned 1
call   71 returned 1
call   72 returned 1
call   73 returned 1
call   74 returned 1
call   75 returned 1
call   76 returned 1
call   77 returned 1
call   78 returned 1
call   79 returned 1
call   80 returned 1
call   81 returned 1
call   82 returned 1
call   83 returned 1
call   84 returned 1
call   85 returned 1
call   86 returned 1
call   87 returned 1
call   88 returned 1
call   89 returned 1
call   90 returned 1
call   91 returned 1
call   92 returned 1
call   93 returned 1
call   94 returned 1
call   95 returned 1
call   96 returned 1
call   97 returned 1
call   98 returned 1
call   99 returned 1
call   100 returned 1
call   101 returned 1
call   102 returned 1
call   103 returned 1
call   104 returned 1
call   105 returned 1
call   106 never executed
    $$$$$:  184-block 36
call   107 never executed
    $$$$$:  184-block 37
call   108 never executed
    $$$$$:  184-block 38
call   109 never executed
    $$$$$:  184-block 39
call   110 never executed
    $$$$$:  184-block 40
call   111 never executed
    $$$$$:  184-block 41
call   112 never executed
    $$$$$:  184-block 42
call   113 never executed
        1:  184-block 43
call   114 returned 1
    $$$$$:  184-block 44
call   115 never executed
    $$$$$:  184-block 45
call   116 never executed
    $$$$$:  184-block 46
call   117 never executed
    $$$$$:  184-block 47
call   118 never executed
    $$$$$:  184-block 48
call   119 never executed
    $$$$$:  184-block 49
call   120 never executed
    $$$$$:  184-block 50
call   121 never executed
        1:  184-block 51
call   122 returned 1
    $$$$$:  184-block 52
call   123 never executed
    $$$$$:  184-block 53
call   124 never executed
    $$$$$:  184-block 54
call   125 never executed
    $$$$$:  184-block 55
call   126 never executed
    $$$$$:  184-block 56
call   127 never executed
    $$$$$:  184-block 57
call   128 never executed
    $$$$$:  184-block 58
call   129 never executed
        1:  184-block 59
call   130 returned 1
    $$$$$:  184-block 60
call   131 never executed
    $$$$$:  184-block 61
call   132 never executed
    $$$$$:  184-block 62
call   133 never executed
    $$$$$:  184-block 63
call   134 never executed
    $$$$$:  184-block 64
call   135 never executed
    $$$$$:  184-block 65
call   136 never executed
    $$$$$:  184-block 66
call   137 never executed
        1:  184-block 67
call   138 returned 1
    $$$$$:  184-block 68
call   139 never executed
    $$$$$:  184-block 69
call   140 never executed
    $$$$$:  184-block 70
call   141 never executed
    $$$$$:  184-block 71
call   142 never executed
    $$$$$:  184-block 72
call   143 never executed
    $$$$$:  184-block 73
call   144 never executed
    $$$$$:  184-block 74
call   145 never executed
        1:  184-block 75
call   146 returned 1
    $$$$$:  184-block 76
call   147 never executed
    $$$$$:  184-block 77
call   148 never executed
    $$$$$:  184-block 78
call   149 never executed
    $$$$$:  184-block 79
call   150 never executed
    $$$$$:  184-block 80
call   151 never executed
    $$$$$:  184-block 81
call   152 never executed
    $$$$$:  184-block 82
call   153 never executed
        1:  184-block 83
call   154 returned 1
    $$$$$:  184-block 84
call   155 never executed
    $$$$$:  184-block 85
call   156 never executed
    $$$$$:  184-block 86
call   157 never executed
    $$$$$:  184-block 87
call   158 never executed
    $$$$$:  184-block 88
call   159 never executed
    $$$$$:  184-block 89
call   160 never executed
    $$$$$:  184-block 90
call   161 never executed
        1:  184-block 91
call   162 returned 1
    $$$$$:  184-block 92
call   163 never executed
    $$$$$:  184-block 93
call   164 never executed
    $$$$$:  184-block 94
call   165 never executed
    $$$$$:  184-block 95
call   166 never executed
    $$$$$:  184-block 96
call   167 never executed
    $$$$$:  184-block 97
call   168 never executed
    $$$$$:  184-block 98
call   169 never executed
        1:  184-block 99
call   170 returned 1
    $$$$$:  184-block 100
call   171 never executed
        1:  184-block 101
call   172 returned 1
        1:  184-block 102
call   173 returned 1
    $$$$$:  184-block 103
call   174 never executed
call   175 returned 1
call   176 returned 1
call   177 returned 1
call   178 returned 1
call   179 returned 1
call   180 returned 1
call   181 returned 1
call   182 returned 1
call   183 returned 1
call   184 returned 1
call   185 returned 1
call   186 returned 1
call   187 returned 1
call   188 returned 1
call   189 returned 1
call   190 returned 1
call   191 returned 1
    $$$$$:  184-block 104
call   192 never executed
    $$$$$:  184-block 105
call   193 never executed
    $$$$$:  184-block 106
call   194 never executed
    $$$$$:  184-block 107
call   195 never executed
    $$$$$:  184-block 108
call   196 never executed
    $$$$$:  184-block 109
call   197 never executed
    $$$$$:  184-block 110
call   198 never executed
    $$$$$:  184-block 111
call   199 never executed
    $$$$$:  184-block 112
call   200 never executed
    $$$$$:  184-block 113
call   201 never executed
    $$$$$:  184-block 114
call   202 never executed
    $$$$$:  184-block 115
call   203 never executed
    $$$$$:  184-block 116
call   204 never executed
    $$$$$:  184-block 117
call   205 never executed
    $$$$$:  184-block 118
call   206 never executed
    $$$$$:  184-block 119
call   207 never executed
    $$$$$:  184-block 120
call   208 never executed
    $$$$$:  184-block 121
call   209 never executed
    $$$$$:  184-block 122
call   210 never executed
call   211 returned 1
call   212 returned 1
call   213 returned 1
call   214 returned 1
call   215 returned 1
call   216 returned 1
call   217 returned 1
call   218 returned 1
call   219 returned 1
call   220 returned 1
call   221 returned 1
call   222 returned 1
call   223 returned 1
call   224 returned 1
call   225 returned 1
call   226 returned 1
call   227 returned 1
    $$$$$:  184-block 123
call   228 never executed
    $$$$$:  184-block 124
call   229 never executed
    $$$$$:  184-block 125
call   230 never executed
    $$$$$:  184-block 126
call   231 never executed
    $$$$$:  184-block 127
call   232 never executed
    $$$$$:  184-block 128
call   233 never executed
    $$$$$:  184-block 129
call   234 never executed
    $$$$$:  184-block 130
call   235 never executed
    $$$$$:  184-block 131
call   236 never executed
    $$$$$:  184-block 132
call   237 never executed
    $$$$$:  184-block 133
call   238 never executed
    $$$$$:  184-block 134
call   239 never executed
    $$$$$:  184-block 135
call   240 never executed
    $$$$$:  184-block 136
call   241 never executed
    $$$$$:  184-block 137
call   242 never executed
    $$$$$:  184-block 138
call   243 never executed
    $$$$$:  184-block 139
call   244 never executed
call   245 returned 1
call   246 returned 1
call   247 returned 1
call   248 returned 1
call   249 returned 1
call   250 returned 1
call   251 returned 1
call   252 returned 1
        1:  184-block 140
call   253 returned 1
call   254 never executed
call   255 returned 1
call   256 returned 1
call   257 returned 1
call   258 returned 1
call   259 returned 1
call   260 returned 1
call   261 returned 1
call   262 returned 1
call   263 returned 1
call   264 returned 1
call   265 returned 1
call   266 returned 1
call   267 returned 1
        1:  184-block 141
call   268 returned 1
call   269 never executed
call   270 returned 1
        1:  184-block 142
call   271 returned 1
    $$$$$:  184-block 143
call   272 never executed
    $$$$$:  184-block 144
call   273 never executed
    $$$$$:  184-block 145
call   274 never executed
    $$$$$:  184-block 146
call   275 never executed
    $$$$$:  184-block 147
call   276 never executed
    $$$$$:  184-block 148
call   277 never executed
    $$$$$:  184-block 149
call   278 never executed
    $$$$$:  184-block 150
call   279 never executed
    $$$$$:  184-block 151
call   280 never executed
        1:  184-block 152
call   281 returned 1
        1:  184-block 153
call   282 returned 1
    $$$$$:  184-block 154
call   283 never executed
    $$$$$:  184-block 155
call   284 never executed
    $$$$$:  184-block 156
call   285 never executed
    $$$$$:  184-block 157
call   286 never executed
    $$$$$:  184-block 158
call   287 never executed
    $$$$$:  184-block 159
call   288 never executed
    $$$$$:  184-block 160
call   289 never executed
    $$$$$:  184-block 161
call   290 never executed
    $$$$$:  184-block 162
call   291 never executed
    $$$$$:  184-block 163
call   292 never executed
    $$$$$:  184-block 164
call   293 never executed
    $$$$$:  184-block 165
call   294 never executed
    $$$$$:  184-block 166
call   295 never executed
    $$$$$:  184-block 167
call   296 never executed
    $$$$$:  184-block 168
call   297 never executed
        1:  184-block 169
call   298 returned 1
        1:  184-block 170
call   299 returned 1
    $$$$$:  184-block 171
call   300 never executed
    $$$$$:  184-block 172
call   301 never executed
    $$$$$:  184-block 173
call   302 never executed
call   303 returned 1
call   304 returned 1
call   305 returned 1
call   306 returned 1
call   307 returned 1
call   308 returned 1
call   309 returned 1
call   310 returned 1
call   311 returned 1
call   312 returned 1
call   313 returned 1
call   314 returned 1
call   315 returned 1
call   316 returned 1
call   317 returned 1
call   318 returned 1
call   319 returned 1
call   320 returned 1
call   321 returned 1
call   322 returned 1
call   323 returned 1
        1:  184-block 174
call   324 returned 1
        1:  184-block 175
call   325 returned 1
        1:  184-block 176
call   326 returned 1
call   327 returned 1
call   328 returned 1
call   329 returned 1
        1:  184-block 177
call   330 returned 1
        1:  184-block 178
call   331 returned 1
        1:  184-block 179
call   332 returned 1
    $$$$$:  184-block 180
call   333 never executed
    $$$$$:  184-block 181
call   334 never executed
    $$$$$:  184-block 182
call   335 never executed
    $$$$$:  184-block 183
call   336 never executed
    $$$$$:  184-block 184
call   337 never executed
    $$$$$:  184-block 185
call   338 never executed
    $$$$$:  184-block 186
call   339 never executed
    $$$$$:  184-block 187
call   340 never executed
    $$$$$:  184-block 188
call   341 never executed
    $$$$$:  184-block 189
call   342 never executed
    $$$$$:  184-block 190
call   343 never executed
    $$$$$:  184-block 191
call   344 never executed
    $$$$$:  184-block 192
call   345 never executed
    $$$$$:  184-block 193
call   346 never executed
    $$$$$:  184-block 194
call   347 never executed
    $$$$$:  184-block 195
call   348 never executed
    $$$$$:  184-block 196
call   349 never executed
    $$$$$:  184-block 197
call   350 never executed
    $$$$$:  184-block 198
call   351 never executed
    $$$$$:  184-block 199
call   352 never executed
    $$$$$:  184-block 200
call   353 never executed
    $$$$$:  184-block 201
call   354 never executed
    $$$$$:  184-block 202
call   355 never executed
    $$$$$:  184-block 203
call   356 never executed
    $$$$$:  184-block 204
call   357 never executed
    $$$$$:  184-block 205
call   358 never executed
    $$$$$:  184-block 206
call   359 never executed
    $$$$$:  184-block 207
call   360 never executed
    $$$$$:  184-block 208
call   361 never executed
    $$$$$:  184-block 209
call   362 never executed
    %%%%%:  184-block 210
call   363 never executed
    $$$$$:  184-block 211
call   364 never executed
call   365 never executed
        -:  185:
        -:  186:#if __cplusplus > 201703L
        -:  187:      [[nodiscard,__gnu__::__always_inline__]]
        -:  188:      constexpr _Tp*
        -:  189:      allocate(size_t __n)
        -:  190:      {
        -:  191:	if (std::__is_constant_evaluated())
        -:  192:	  {
        -:  193:	    if (__builtin_mul_overflow(__n, sizeof(_Tp), &__n))
        -:  194:	      std::__throw_bad_array_new_length();
        -:  195:	    return static_cast<_Tp*>(::operator new(__n));
        -:  196:	  }
        -:  197:
        -:  198:	return __allocator_base<_Tp>::allocate(__n, 0);
        -:  199:      }
        -:  200:
        -:  201:      [[__gnu__::__always_inline__]]
        -:  202:      constexpr void
        -:  203:      deallocate(_Tp* __p, size_t __n)
        -:  204:      {
        -:  205:	if (std::__is_constant_evaluated())
        -:  206:	  {
        -:  207:	    ::operator delete(__p);
        -:  208:	    return;
        -:  209:	  }
        -:  210:	__allocator_base<_Tp>::deallocate(__p, __n);
        -:  211:      }
        -:  212:#endif // C++20
        -:  213:
        -:  214:      friend __attribute__((__always_inline__)) _GLIBCXX20_CONSTEXPR
        -:  215:      bool
        -:  216:      operator==(const allocator&, const allocator&) _GLIBCXX_NOTHROW
        -:  217:      { return true; }
        -:  218:
        -:  219:#if __cpp_impl_three_way_comparison < 201907L
        -:  220:      friend __attribute__((__always_inline__)) _GLIBCXX20_CONSTEXPR
        -:  221:      bool
        -:  222:      operator!=(const allocator&, const allocator&) _GLIBCXX_NOTHROW
        -:  223:      { return false; }
        -:  224:#endif
        -:  225:
        -:  226:      // Inherit everything else.
        -:  227:    };
        -:  228:
        -:  229:  /** Equality comparison for std::allocator objects
        -:  230:   *
        -:  231:   * @return true, for all std::allocator objects.
        -:  232:   * @relates std::allocator
        -:  233:   */
        -:  234:  template<typename _T1, typename _T2>
        -:  235:    __attribute__((__always_inline__))
        -:  236:    inline _GLIBCXX20_CONSTEXPR bool
        -:  237:    operator==(const allocator<_T1>&, const allocator<_T2>&)
        -:  238:    _GLIBCXX_NOTHROW
        -:  239:    { return true; }
        -:  240:
        -:  241:#if __cpp_impl_three_way_comparison < 201907L
        -:  242:  template<typename _T1, typename _T2>
        -:  243:    __attribute__((__always_inline__))
        -:  244:    inline _GLIBCXX20_CONSTEXPR bool
        -:  245:    operator!=(const allocator<_T1>&, const allocator<_T2>&)
        -:  246:    _GLIBCXX_NOTHROW
        -:  247:    { return false; }
        -:  248:#endif
        -:  249:
        -:  250:  /// @cond undocumented
        -:  251:
        -:  252:  // Invalid allocator<cv T> partial specializations.
        -:  253:  // allocator_traits::rebind_alloc can be used to form a valid allocator type.
        -:  254:  template<typename _Tp>
        -:  255:    class allocator<const _Tp>
        -:  256:    {
        -:  257:    public:
        -:  258:      typedef _Tp value_type;
        -:  259:      template<typename _Up> allocator(const allocator<_Up>&) { }
        -:  260:    };
        -:  261:
        -:  262:  template<typename _Tp>
        -:  263:    class allocator<volatile _Tp>
        -:  264:    {
        -:  265:    public:
        -:  266:      typedef _Tp value_type;
        -:  267:      template<typename _Up> allocator(const allocator<_Up>&) { }
        -:  268:    };
        -:  269:
        -:  270:  template<typename _Tp>
        -:  271:    class allocator<const volatile _Tp>
        -:  272:    {
        -:  273:    public:
        -:  274:      typedef _Tp value_type;
        -:  275:      template<typename _Up> allocator(const allocator<_Up>&) { }
        -:  276:    };
        -:  277:  /// @endcond
        -:  278:
        -:  279:  /// @} group allocator
        -:  280:
        -:  281:  // Inhibit implicit instantiations for required instantiations,
        -:  282:  // which are defined via explicit instantiations elsewhere.
        -:  283:#if _GLIBCXX_EXTERN_TEMPLATE
        -:  284:  extern template class allocator<char>;
        -:  285:  extern template class allocator<wchar_t>;
        -:  286:#endif
        -:  287:
        -:  288:  // Undefine.
        -:  289:#undef __allocator_base
        -:  290:
        -:  291:_GLIBCXX_END_NAMESPACE_VERSION
        -:  292:} // namespace std
        -:  293:
        -:  294:#endif
